Determining if the pthread_create exist failed with the following output:
Change Dir: /home/jrv/Research/Velodyne/velodyne_ws/build/velodyne_visualizer/CMakeFiles/CMakeTmp

Run Build Command:"/usr/bin/make" "cmTC_72dbc/fast"
/usr/bin/make -f CMakeFiles/cmTC_72dbc.dir/build.make CMakeFiles/cmTC_72dbc.dir/build
make[1]: Entering directory '/home/jrv/Research/Velodyne/velodyne_ws/build/velodyne_visualizer/CMakeFiles/CMakeTmp'
Building C object CMakeFiles/cmTC_72dbc.dir/CheckSymbolExists.c.o
/usr/bin/cc    -o CMakeFiles/cmTC_72dbc.dir/CheckSymbolExists.c.o   -c /home/jrv/Research/Velodyne/velodyne_ws/build/velodyne_visualizer/CMakeFiles/CMakeTmp/CheckSymbolExists.c
Linking C executable cmTC_72dbc
/usr/local/bin/cmake -E cmake_link_script CMakeFiles/cmTC_72dbc.dir/link.txt --verbose=1
/usr/bin/cc      -rdynamic CMakeFiles/cmTC_72dbc.dir/CheckSymbolExists.c.o  -o cmTC_72dbc 
CMakeFiles/cmTC_72dbc.dir/CheckSymbolExists.c.o: In function `main':
CheckSymbolExists.c:(.text+0x16): undefined reference to `pthread_create'
collect2: error: ld returned 1 exit status
CMakeFiles/cmTC_72dbc.dir/build.make:97: recipe for target 'cmTC_72dbc' failed
make[1]: *** [cmTC_72dbc] Error 1
make[1]: Leaving directory '/home/jrv/Research/Velodyne/velodyne_ws/build/velodyne_visualizer/CMakeFiles/CMakeTmp'
Makefile:126: recipe for target 'cmTC_72dbc/fast' failed
make: *** [cmTC_72dbc/fast] Error 2

File /home/jrv/Research/Velodyne/velodyne_ws/build/velodyne_visualizer/CMakeFiles/CMakeTmp/CheckSymbolExists.c:
/* */
#include <pthread.h>

int main(int argc, char** argv)
{
  (void)argv;
#ifndef pthread_create
  return ((int*)(&pthread_create))[argc];
#else
  (void)argc;
  return 0;
#endif
}

Determining if the function pthread_create exists in the pthreads failed with the following output:
Change Dir: /home/jrv/Research/Velodyne/velodyne_ws/build/velodyne_visualizer/CMakeFiles/CMakeTmp

Run Build Command:"/usr/bin/make" "cmTC_6b434/fast"
/usr/bin/make -f CMakeFiles/cmTC_6b434.dir/build.make CMakeFiles/cmTC_6b434.dir/build
make[1]: Entering directory '/home/jrv/Research/Velodyne/velodyne_ws/build/velodyne_visualizer/CMakeFiles/CMakeTmp'
Building C object CMakeFiles/cmTC_6b434.dir/CheckFunctionExists.c.o
/usr/bin/cc   -DCHECK_FUNCTION_EXISTS=pthread_create   -o CMakeFiles/cmTC_6b434.dir/CheckFunctionExists.c.o   -c /usr/local/share/cmake-3.9/Modules/CheckFunctionExists.c
Linking C executable cmTC_6b434
/usr/local/bin/cmake -E cmake_link_script CMakeFiles/cmTC_6b434.dir/link.txt --verbose=1
/usr/bin/cc  -DCHECK_FUNCTION_EXISTS=pthread_create    -rdynamic CMakeFiles/cmTC_6b434.dir/CheckFunctionExists.c.o  -o cmTC_6b434 -lpthreads 
/usr/bin/ld: cannot find -lpthreads
collect2: error: ld returned 1 exit status
CMakeFiles/cmTC_6b434.dir/build.make:97: recipe for target 'cmTC_6b434' failed
make[1]: *** [cmTC_6b434] Error 1
make[1]: Leaving directory '/home/jrv/Research/Velodyne/velodyne_ws/build/velodyne_visualizer/CMakeFiles/CMakeTmp'
Makefile:126: recipe for target 'cmTC_6b434/fast' failed
make: *** [cmTC_6b434/fast] Error 2


