Determining if the pthread_create exist failed with the following output:
Change Dir: /home/jrv/Research/Velodyne/velodyne_ws/build/catkin_tools_prebuild/CMakeFiles/CMakeTmp

Run Build Command:"/usr/bin/make" "cmTC_83c68/fast"
/usr/bin/make -f CMakeFiles/cmTC_83c68.dir/build.make CMakeFiles/cmTC_83c68.dir/build
make[1]: Entering directory '/home/jrv/Research/Velodyne/velodyne_ws/build/catkin_tools_prebuild/CMakeFiles/CMakeTmp'
Building C object CMakeFiles/cmTC_83c68.dir/CheckSymbolExists.c.o
/usr/bin/cc    -o CMakeFiles/cmTC_83c68.dir/CheckSymbolExists.c.o   -c /home/jrv/Research/Velodyne/velodyne_ws/build/catkin_tools_prebuild/CMakeFiles/CMakeTmp/CheckSymbolExists.c
Linking C executable cmTC_83c68
/usr/local/bin/cmake -E cmake_link_script CMakeFiles/cmTC_83c68.dir/link.txt --verbose=1
/usr/bin/cc      -rdynamic CMakeFiles/cmTC_83c68.dir/CheckSymbolExists.c.o  -o cmTC_83c68 
CMakeFiles/cmTC_83c68.dir/CheckSymbolExists.c.o: In function `main':
CheckSymbolExists.c:(.text+0x16): undefined reference to `pthread_create'
collect2: error: ld returned 1 exit status
CMakeFiles/cmTC_83c68.dir/build.make:97: recipe for target 'cmTC_83c68' failed
make[1]: *** [cmTC_83c68] Error 1
make[1]: Leaving directory '/home/jrv/Research/Velodyne/velodyne_ws/build/catkin_tools_prebuild/CMakeFiles/CMakeTmp'
Makefile:126: recipe for target 'cmTC_83c68/fast' failed
make: *** [cmTC_83c68/fast] Error 2

File /home/jrv/Research/Velodyne/velodyne_ws/build/catkin_tools_prebuild/CMakeFiles/CMakeTmp/CheckSymbolExists.c:
/* */
#include <pthread.h>

int main(int argc, char** argv)
{
  (void)argv;
#ifndef pthread_create
  return ((int*)(&pthread_create))[argc];
#else
  (void)argc;
  return 0;
#endif
}

Determining if the function pthread_create exists in the pthreads failed with the following output:
Change Dir: /home/jrv/Research/Velodyne/velodyne_ws/build/catkin_tools_prebuild/CMakeFiles/CMakeTmp

Run Build Command:"/usr/bin/make" "cmTC_a55cd/fast"
/usr/bin/make -f CMakeFiles/cmTC_a55cd.dir/build.make CMakeFiles/cmTC_a55cd.dir/build
make[1]: Entering directory '/home/jrv/Research/Velodyne/velodyne_ws/build/catkin_tools_prebuild/CMakeFiles/CMakeTmp'
Building C object CMakeFiles/cmTC_a55cd.dir/CheckFunctionExists.c.o
/usr/bin/cc   -DCHECK_FUNCTION_EXISTS=pthread_create   -o CMakeFiles/cmTC_a55cd.dir/CheckFunctionExists.c.o   -c /usr/local/share/cmake-3.9/Modules/CheckFunctionExists.c
Linking C executable cmTC_a55cd
/usr/local/bin/cmake -E cmake_link_script CMakeFiles/cmTC_a55cd.dir/link.txt --verbose=1
/usr/bin/cc  -DCHECK_FUNCTION_EXISTS=pthread_create    -rdynamic CMakeFiles/cmTC_a55cd.dir/CheckFunctionExists.c.o  -o cmTC_a55cd -lpthreads 
/usr/bin/ld: cannot find -lpthreads
collect2: error: ld returned 1 exit status
CMakeFiles/cmTC_a55cd.dir/build.make:97: recipe for target 'cmTC_a55cd' failed
make[1]: *** [cmTC_a55cd] Error 1
make[1]: Leaving directory '/home/jrv/Research/Velodyne/velodyne_ws/build/catkin_tools_prebuild/CMakeFiles/CMakeTmp'
Makefile:126: recipe for target 'cmTC_a55cd/fast' failed
make: *** [cmTC_a55cd/fast] Error 2


