[35m[1mScanning dependencies of target a3[0m
[ 50%] Built target a1
[ 66%] Built target a2
[ 83%] [32mBuilding CXX object CMakeFiles/a3.dir/src/a3.cpp.o[0m
[01m[K/home/jrv/Research/Velodyne/velodyne_ws/src/lidar_sp/src/a3.cpp:[m[K In member function ‘[01m[Kvoid cloud_filter::cloud_sub_pub(const PointCloud2&)[m[K’:
[01m[K/home/jrv/Research/Velodyne/velodyne_ws/src/lidar_sp/src/a3.cpp:54:29:[m[K [01;31m[Kerror: [m[Kno matching function for call to ‘[01m[KfromROSMsg(const PointCloud2&, pcl::PointCloud<pcl::PointXYZ>::Ptr&)[m[K’
  pcl::fromROSMsg(input,cloud);
[01;32m[K                             ^[m[K
In file included from [01m[K/home/jrv/Research/Velodyne/velodyne_ws/src/lidar_sp/src/a3.cpp:3:0[m[K:
[01m[K/opt/ros/kinetic/include/pcl_conversions/pcl_conversions.h:547:8:[m[K [01;36m[Knote: [m[Kcandidate: template<class T> void pcl::fromROSMsg(const PointCloud2&, pcl::PointCloud<PointT>&)
   void fromROSMsg(const sensor_msgs::PointCloud2 &cloud, pcl::PointCloud<T> &pcl_cloud)
[01;32m[K        ^[m[K
[01m[K/opt/ros/kinetic/include/pcl_conversions/pcl_conversions.h:547:8:[m[K [01;36m[Knote: [m[K  template argument deduction/substitution failed:
[01m[K/home/jrv/Research/Velodyne/velodyne_ws/src/lidar_sp/src/a3.cpp:54:29:[m[K [01;36m[Knote: [m[K  ‘[01m[Kpcl::PointCloud<pcl::PointXYZ>::Ptr {aka boost::shared_ptr<pcl::PointCloud<pcl::PointXYZ> >}[m[K’ is not derived from ‘[01m[Kpcl::PointCloud<PointT>[m[K’
  pcl::fromROSMsg(input,cloud);
[01;32m[K                             ^[m[K
[01m[K/home/jrv/Research/Velodyne/velodyne_ws/src/lidar_sp/src/a3.cpp:108:21:[m[K [01;31m[Kerror: [m[K‘[01m[Kcloud_p[m[K’ was not declared in this scope
    extract.filter (*cloud_p);
[01;32m[K                     ^[m[K
[01m[K/home/jrv/Research/Velodyne/velodyne_ws/src/lidar_sp/src/a3.cpp:110:39:[m[K [01;31m[Kerror: [m[Kno matching function for call to ‘[01m[KtoROSMsg(pcl::PointCloud<pcl::PointXYZ>::Ptr&, sensor_msgs::PointCloud2&)[m[K’
   pcl::toROSMsg(filtered_cloud, result);
[01;32m[K                                       ^[m[K
In file included from [01m[K/home/jrv/Research/Velodyne/velodyne_ws/src/lidar_sp/src/a3.cpp:3:0[m[K:
[01m[K/opt/ros/kinetic/include/pcl_conversions/pcl_conversions.h:487:8:[m[K [01;36m[Knote: [m[Kcandidate: void pcl::toROSMsg(const PointCloud2&, sensor_msgs::Image&)
   void toROSMsg(const sensor_msgs::PointCloud2 &cloud, sensor_msgs::Image &image)
[01;32m[K        ^[m[K
[01m[K/opt/ros/kinetic/include/pcl_conversions/pcl_conversions.h:487:8:[m[K [01;36m[Knote: [m[K  no known conversion for argument 1 from ‘[01m[Kpcl::PointCloud<pcl::PointXYZ>::Ptr {aka boost::shared_ptr<pcl::PointCloud<pcl::PointXYZ> >}[m[K’ to ‘[01m[Kconst PointCloud2& {aka const sensor_msgs::PointCloud2_<std::allocator<void> >&}[m[K’
[01m[K/opt/ros/kinetic/include/pcl_conversions/pcl_conversions.h:507:3:[m[K [01;36m[Knote: [m[Kcandidate: template<class T> void pcl::toROSMsg(const pcl::PointCloud<PointT>&, sensor_msgs::Image&)
   toROSMsg (const pcl::PointCloud<T> &cloud, sensor_msgs::Image& msg)
[01;32m[K   ^[m[K
[01m[K/opt/ros/kinetic/include/pcl_conversions/pcl_conversions.h:507:3:[m[K [01;36m[Knote: [m[K  template argument deduction/substitution failed:
[01m[K/home/jrv/Research/Velodyne/velodyne_ws/src/lidar_sp/src/a3.cpp:110:39:[m[K [01;36m[Knote: [m[K  ‘[01m[Kpcl::PointCloud<pcl::PointXYZ>::Ptr {aka boost::shared_ptr<pcl::PointCloud<pcl::PointXYZ> >}[m[K’ is not derived from ‘[01m[Kconst pcl::PointCloud<PointT>[m[K’
   pcl::toROSMsg(filtered_cloud, result);
[01;32m[K                                       ^[m[K
In file included from [01m[K/home/jrv/Research/Velodyne/velodyne_ws/src/lidar_sp/src/a3.cpp:3:0[m[K:
[01m[K/opt/ros/kinetic/include/pcl_conversions/pcl_conversions.h:539:8:[m[K [01;36m[Knote: [m[Kcandidate: template<class T> void pcl::toROSMsg(const pcl::PointCloud<PointT>&, sensor_msgs::PointCloud2&)
   void toROSMsg(const pcl::PointCloud<T> &pcl_cloud, sensor_msgs::PointCloud2 &cloud)
[01;32m[K        ^[m[K
[01m[K/opt/ros/kinetic/include/pcl_conversions/pcl_conversions.h:539:8:[m[K [01;36m[Knote: [m[K  template argument deduction/substitution failed:
[01m[K/home/jrv/Research/Velodyne/velodyne_ws/src/lidar_sp/src/a3.cpp:110:39:[m[K [01;36m[Knote: [m[K  ‘[01m[Kpcl::PointCloud<pcl::PointXYZ>::Ptr {aka boost::shared_ptr<pcl::PointCloud<pcl::PointXYZ> >}[m[K’ is not derived from ‘[01m[Kconst pcl::PointCloud<PointT>[m[K’
   pcl::toROSMsg(filtered_cloud, result);
[01;32m[K                                       ^[m[K
CMakeFiles/a3.dir/build.make:62: recipe for target 'CMakeFiles/a3.dir/src/a3.cpp.o' failed
make[2]: *** [CMakeFiles/a3.dir/src/a3.cpp.o] Error 1
CMakeFiles/Makefile2:67: recipe for target 'CMakeFiles/a3.dir/all' failed
make[1]: *** [CMakeFiles/a3.dir/all] Error 2
Makefile:140: recipe for target 'all' failed
make: *** [all] Error 2
