[35m[1mScanning dependencies of target a2[0m
[ 33%] Built target a2_helper
[ 66%] Built target a1
[ 83%] [32mBuilding CXX object CMakeFiles/a2.dir/src/a2.cpp.o[0m
[01m[K/home/jrv/Research/Velodyne/velodyne_ws/src/lidar_sp/src/a2.cpp:[m[K In member function ‘[01m[Kvoid cloud_filter::cloud_sub_pub(const ConstPtr&)[m[K’:
[01m[K/home/jrv/Research/Velodyne/velodyne_ws/src/lidar_sp/src/a2.cpp:67:32:[m[K [01;31m[Kerror: [m[Kno matching function for call to ‘[01m[KfromROSMsg(const ConstPtr&, {anonymous}::RGBPointCloud&)[m[K’
     pcl::fromROSMsg(inMsg,cloud);
[01;32m[K                                ^[m[K
In file included from [01m[K/home/jrv/Research/Velodyne/velodyne_ws/src/lidar_sp/src/a2.cpp:3:0[m[K:
[01m[K/opt/ros/kinetic/include/pcl_conversions/pcl_conversions.h:547:8:[m[K [01;36m[Knote: [m[Kcandidate: template<class T> void pcl::fromROSMsg(const PointCloud2&, pcl::PointCloud<PointT>&)
   void fromROSMsg(const sensor_msgs::PointCloud2 &cloud, pcl::PointCloud<T> &pcl_cloud)
[01;32m[K        ^[m[K
[01m[K/opt/ros/kinetic/include/pcl_conversions/pcl_conversions.h:547:8:[m[K [01;36m[Knote: [m[K  template argument deduction/substitution failed:
[01m[K/home/jrv/Research/Velodyne/velodyne_ws/src/lidar_sp/src/a2.cpp:67:32:[m[K [01;36m[Knote: [m[K  cannot convert ‘[01m[KinMsg[m[K’ (type ‘[01m[Kconst ConstPtr {aka const boost::shared_ptr<const pcl::PointCloud<velodyne_pointcloud::PointXYZIR> >}[m[K’) to type ‘[01m[Kconst PointCloud2& {aka const sensor_msgs::PointCloud2_<std::allocator<void> >&}[m[K’
     pcl::fromROSMsg(inMsg,cloud);
[01;32m[K                                ^[m[K
CMakeFiles/a2.dir/build.make:62: recipe for target 'CMakeFiles/a2.dir/src/a2.cpp.o' failed
make[2]: *** [CMakeFiles/a2.dir/src/a2.cpp.o] Error 1
CMakeFiles/Makefile2:3149: recipe for target 'CMakeFiles/a2.dir/all' failed
make[1]: *** [CMakeFiles/a2.dir/all] Error 2
Makefile:140: recipe for target 'all' failed
make: *** [all] Error 2
