[01m[K/home/jrv/Research/Velodyne/velodyne_ws/src/lidar_sp/src/a1.cpp:[m[K In member function ‘[01m[Kvoid cloudHandler::cloudCB(const ConstPtr&)[m[K’:
[01m[K/home/jrv/Research/Velodyne/velodyne_ws/src/lidar_sp/src/a1.cpp:64:27:[m[K [01;31m[Kerror: [m[K‘[01m[KinMsg[m[K’ was not declared in this scope
     output.header.stamp = inMsg->header.stamp;
[01;32m[K                           ^[m[K
In file included from [01m[K/opt/ros/kinetic/include/ros/serialization.h:37:0[m[K,
                 from [01m[K/opt/ros/kinetic/include/ros/publisher.h:34[m[K,
                 from [01m[K/opt/ros/kinetic/include/ros/node_handle.h:32[m[K,
                 from [01m[K/opt/ros/kinetic/include/ros/ros.h:45[m[K,
                 from [01m[K/home/jrv/Research/Velodyne/velodyne_ws/src/lidar_sp/src/a1.cpp:1[m[K:
/opt/ros/kinetic/include/ros/message_traits.h: In instantiation of ‘[01m[Kstatic const char* ros::message_traits::MD5Sum<M>::value(const M&) [with M = pcl::PointCloud<pcl::PointXYZRGB>][m[K’:
[01m[K/opt/ros/kinetic/include/ros/message_traits.h:255:102:[m[K   required from ‘[01m[Kconst char* ros::message_traits::md5sum(const M&) [with M = pcl::PointCloud<pcl::PointXYZRGB>][m[K’
[01m[K/opt/ros/kinetic/include/ros/publisher.h:112:7:[m[K   required from ‘[01m[Kvoid ros::Publisher::publish(const M&) const [with M = pcl::PointCloud<pcl::PointXYZRGB>][m[K’
[01m[K/home/jrv/Research/Velodyne/velodyne_ws/src/lidar_sp/src/a1.cpp:85:31:[m[K   required from here
[01m[K/opt/ros/kinetic/include/ros/message_traits.h:126:34:[m[K [01;31m[Kerror: [m[K‘[01m[Kconst class pcl::PointCloud<pcl::PointXYZRGB>[m[K’ has no member named ‘[01m[K__getMD5Sum[m[K’
     return m.__getMD5Sum().c_str();
[01;32m[K                                  ^[m[K
/opt/ros/kinetic/include/ros/message_traits.h: In instantiation of ‘[01m[Kstatic const char* ros::message_traits::DataType<M>::value(const M&) [with M = pcl::PointCloud<pcl::PointXYZRGB>][m[K’:
[01m[K/opt/ros/kinetic/include/ros/message_traits.h:264:104:[m[K   required from ‘[01m[Kconst char* ros::message_traits::datatype(const M&) [with M = pcl::PointCloud<pcl::PointXYZRGB>][m[K’
[01m[K/opt/ros/kinetic/include/ros/publisher.h:112:7:[m[K   required from ‘[01m[Kvoid ros::Publisher::publish(const M&) const [with M = pcl::PointCloud<pcl::PointXYZRGB>][m[K’
[01m[K/home/jrv/Research/Velodyne/velodyne_ws/src/lidar_sp/src/a1.cpp:85:31:[m[K   required from here
[01m[K/opt/ros/kinetic/include/ros/message_traits.h:143:36:[m[K [01;31m[Kerror: [m[K‘[01m[Kconst class pcl::PointCloud<pcl::PointXYZRGB>[m[K’ has no member named ‘[01m[K__getDataType[m[K’
     return m.__getDataType().c_str();
[01;32m[K                                    ^[m[K
/opt/ros/kinetic/include/ros/message_traits.h: In instantiation of ‘[01m[Kstatic const char* ros::message_traits::MD5Sum<M>::value() [with M = pcl::PointCloud<velodyne_pointcloud::PointXYZIR>][m[K’:
[01m[K/opt/ros/kinetic/include/ros/message_traits.h:228:102:[m[K   required from ‘[01m[Kconst char* ros::message_traits::md5sum() [with M = pcl::PointCloud<velodyne_pointcloud::PointXYZIR>][m[K’
[01m[K/opt/ros/kinetic/include/ros/subscribe_options.h:110:49:[m[K   required from ‘[01m[Kvoid ros::SubscribeOptions::init(const string&, uint32_t, const boost::function<void(const boost::shared_ptr<const M>&)>&, const boost::function<boost::shared_ptr<X>()>&) [with M = pcl::PointCloud<velodyne_pointcloud::PointXYZIR>; std::__cxx11::string = std::__cxx11::basic_string<char>; uint32_t = unsigned int][m[K’
[01m[K/opt/ros/kinetic/include/ros/node_handle.h:470:5:[m[K   required from ‘[01m[Kros::Subscriber ros::NodeHandle::subscribe(const string&, uint32_t, void (T::*)(const boost::shared_ptr<const M>&), T*, const ros::TransportHints&) [with M = pcl::PointCloud<velodyne_pointcloud::PointXYZIR>; T = cloudHandler; std::__cxx11::string = std::__cxx11::basic_string<char>; uint32_t = unsigned int][m[K’
[01m[K/home/jrv/Research/Velodyne/velodyne_ws/src/lidar_sp/src/a1.cpp:56:84:[m[K   required from here
[01m[K/opt/ros/kinetic/include/ros/message_traits.h:121:28:[m[K [01;31m[Kerror: [m[K‘[01m[K__s_getMD5Sum[m[K’ is not a member of ‘[01m[Kpcl::PointCloud<velodyne_pointcloud::PointXYZIR>[m[K’
     return M::__s_getMD5Sum().c_str();
[01;32m[K                            ^[m[K
/opt/ros/kinetic/include/ros/message_traits.h: In instantiation of ‘[01m[Kstatic const char* ros::message_traits::DataType<M>::value() [with M = pcl::PointCloud<velodyne_pointcloud::PointXYZIR>][m[K’:
[01m[K/opt/ros/kinetic/include/ros/message_traits.h:237:104:[m[K   required from ‘[01m[Kconst char* ros::message_traits::datatype() [with M = pcl::PointCloud<velodyne_pointcloud::PointXYZIR>][m[K’
[01m[K/opt/ros/kinetic/include/ros/subscribe_options.h:111:53:[m[K   required from ‘[01m[Kvoid ros::SubscribeOptions::init(const string&, uint32_t, const boost::function<void(const boost::shared_ptr<const M>&)>&, const boost::function<boost::shared_ptr<X>()>&) [with M = pcl::PointCloud<velodyne_pointcloud::PointXYZIR>; std::__cxx11::string = std::__cxx11::basic_string<char>; uint32_t = unsigned int][m[K’
[01m[K/opt/ros/kinetic/include/ros/node_handle.h:470:5:[m[K   required from ‘[01m[Kros::Subscriber ros::NodeHandle::subscribe(const string&, uint32_t, void (T::*)(const boost::shared_ptr<const M>&), T*, const ros::TransportHints&) [with M = pcl::PointCloud<velodyne_pointcloud::PointXYZIR>; T = cloudHandler; std::__cxx11::string = std::__cxx11::basic_string<char>; uint32_t = unsigned int][m[K’
[01m[K/home/jrv/Research/Velodyne/velodyne_ws/src/lidar_sp/src/a1.cpp:56:84:[m[K   required from here
[01m[K/opt/ros/kinetic/include/ros/message_traits.h:138:30:[m[K [01;31m[Kerror: [m[K‘[01m[K__s_getDataType[m[K’ is not a member of ‘[01m[Kpcl::PointCloud<velodyne_pointcloud::PointXYZIR>[m[K’
     return M::__s_getDataType().c_str();
[01;32m[K                              ^[m[K
In file included from [01m[K/opt/ros/kinetic/include/ros/publisher.h:34:0[m[K,
                 from [01m[K/opt/ros/kinetic/include/ros/node_handle.h:32[m[K,
                 from [01m[K/opt/ros/kinetic/include/ros/ros.h:45[m[K,
                 from [01m[K/home/jrv/Research/Velodyne/velodyne_ws/src/lidar_sp/src/a1.cpp:1[m[K:
/opt/ros/kinetic/include/ros/serialization.h: In instantiation of ‘[01m[Kstatic uint32_t ros::serialization::Serializer<T>::serializedLength(typename boost::call_traits<T>::param_type) [with T = pcl::PointCloud<pcl::PointXYZRGB>; uint32_t = unsigned int; typename boost::call_traits<T>::param_type = const pcl::PointCloud<pcl::PointXYZRGB>&][m[K’:
[01m[K/opt/ros/kinetic/include/ros/serialization.h:172:41:[m[K   required from ‘[01m[Kuint32_t ros::serialization::serializationLength(const T&) [with T = pcl::PointCloud<pcl::PointXYZRGB>; uint32_t = unsigned int][m[K’
[01m[K/opt/ros/kinetic/include/ros/serialization.h:848:37:[m[K   required from ‘[01m[Kros::SerializedMessage ros::serialization::serializeMessage(const M&) [with M = pcl::PointCloud<pcl::PointXYZRGB>][m[K’
[01m[K/opt/ros/kinetic/include/ros/publisher.h:118:26:[m[K   required from ‘[01m[Kvoid ros::Publisher::publish(const M&) const [with M = pcl::PointCloud<pcl::PointXYZRGB>][m[K’
[01m[K/home/jrv/Research/Velodyne/velodyne_ws/src/lidar_sp/src/a1.cpp:85:31:[m[K   required from here
[01m[K/opt/ros/kinetic/include/ros/serialization.h:144:34:[m[K [01;31m[Kerror: [m[K‘[01m[Kconst class pcl::PointCloud<pcl::PointXYZRGB>[m[K’ has no member named ‘[01m[KserializationLength[m[K’
     return t.serializationLength();
[01;32m[K                                  ^[m[K
/opt/ros/kinetic/include/ros/serialization.h: In instantiation of ‘[01m[Kstatic void ros::serialization::Serializer<T>::write(Stream&, typename boost::call_traits<T>::param_type) [with Stream = ros::serialization::OStream; T = pcl::PointCloud<pcl::PointXYZRGB>; typename boost::call_traits<T>::param_type = const pcl::PointCloud<pcl::PointXYZRGB>&][m[K’:
[01m[K/opt/ros/kinetic/include/ros/serialization.h:154:23:[m[K   required from ‘[01m[Kvoid ros::serialization::serialize(Stream&, const T&) [with T = pcl::PointCloud<pcl::PointXYZRGB>; Stream = ros::serialization::OStream][m[K’
[01m[K/opt/ros/kinetic/include/ros/serialization.h:855:12:[m[K   required from ‘[01m[Kros::SerializedMessage ros::serialization::serializeMessage(const M&) [with M = pcl::PointCloud<pcl::PointXYZRGB>][m[K’
[01m[K/opt/ros/kinetic/include/ros/publisher.h:118:26:[m[K   required from ‘[01m[Kvoid ros::Publisher::publish(const M&) const [with M = pcl::PointCloud<pcl::PointXYZRGB>][m[K’
[01m[K/home/jrv/Research/Velodyne/velodyne_ws/src/lidar_sp/src/a1.cpp:85:31:[m[K   required from here
[01m[K/opt/ros/kinetic/include/ros/serialization.h:127:5:[m[K [01;31m[Kerror: [m[K‘[01m[Kconst class pcl::PointCloud<pcl::PointXYZRGB>[m[K’ has no member named ‘[01m[Kserialize[m[K’
     t.serialize(stream.getData(), 0);
[01;32m[K     ^[m[K
/opt/ros/kinetic/include/ros/serialization.h: In instantiation of ‘[01m[Kstatic void ros::serialization::Serializer<T>::read(Stream&, typename boost::call_traits<T>::reference) [with Stream = ros::serialization::IStream; T = pcl::PointCloud<velodyne_pointcloud::PointXYZIR>; typename boost::call_traits<T>::reference = pcl::PointCloud<velodyne_pointcloud::PointXYZIR>&][m[K’:
[01m[K/opt/ros/kinetic/include/ros/serialization.h:163:22:[m[K   required from ‘[01m[Kvoid ros::serialization::deserialize(Stream&, T&) [with T = pcl::PointCloud<velodyne_pointcloud::PointXYZIR>; Stream = ros::serialization::IStream][m[K’
[01m[K/opt/ros/kinetic/include/ros/subscription_callback_helper.h:136:21:[m[K   required from ‘[01m[Kros::VoidConstPtr ros::SubscriptionCallbackHelperT<P, Enabled>::deserialize(const ros::SubscriptionCallbackHelperDeserializeParams&) [with P = const boost::shared_ptr<const pcl::PointCloud<velodyne_pointcloud::PointXYZIR> >&; Enabled = void; ros::VoidConstPtr = boost::shared_ptr<const void>][m[K’
[01m[K/home/jrv/Research/Velodyne/velodyne_ws/src/lidar_sp/src/a1.cpp:106:1:[m[K   required from here
[01m[K/opt/ros/kinetic/include/ros/serialization.h:136:5:[m[K [01;31m[Kerror: [m[K‘[01m[Kclass pcl::PointCloud<velodyne_pointcloud::PointXYZIR>[m[K’ has no member named ‘[01m[Kdeserialize[m[K’
     t.deserialize(stream.getData());
[01;32m[K     ^[m[K
make[2]: *** [CMakeFiles/a1.dir/src/a1.cpp.o] Error 1
make[1]: *** [CMakeFiles/a1.dir/all] Error 2
make: *** [all] Error 2
