[ 16%] [32mBuilding CXX object CMakeFiles/a3.dir/src/a3.cpp.o[0m
[ 50%] Built target a1
[ 83%] Built target a2
[01m[K/home/jrv/Research/Velodyne/velodyne_ws/src/lidar_sp/src/a3.cpp:[m[K In member function ‘[01m[Kvoid cloud_filter::cloud_sub_pub(const PointCloud2&)[m[K’:
[01m[K/home/jrv/Research/Velodyne/velodyne_ws/src/lidar_sp/src/a3.cpp:103:28:[m[K [01;31m[Kerror: [m[Kno matching function for call to ‘[01m[Kpcl::SACSegmentation<pcl::PointXYZ>::setInputCloud(pcl::PointCloud<pcl::PointXYZ>&)[m[K’
    seg.setInputCloud (cloud); 
[01;32m[K                            ^[m[K
In file included from [01m[K/usr/include/pcl-1.7/pcl/common/io.h:45:0[m[K,
                 from [01m[K/usr/include/pcl-1.7/pcl/io/file_io.h:42[m[K,
                 from [01m[K/usr/include/pcl-1.7/pcl/io/pcd_io.h:44[m[K,
                 from [01m[K/opt/ros/kinetic/include/pcl_conversions/pcl_conversions.h:70[m[K,
                 from [01m[K/home/jrv/Research/Velodyne/velodyne_ws/src/lidar_sp/src/a3.cpp:3[m[K:
[01m[K/usr/include/pcl-1.7/pcl/pcl_base.h:95:7:[m[K [01;36m[Knote: [m[Kcandidate: void pcl::PCLBase<PointT>::setInputCloud(const PointCloudConstPtr&) [with PointT = pcl::PointXYZ; pcl::PCLBase<PointT>::PointCloudConstPtr = boost::shared_ptr<const pcl::PointCloud<pcl::PointXYZ> >]
       setInputCloud (const PointCloudConstPtr &cloud);
[01;32m[K       ^[m[K
[01m[K/usr/include/pcl-1.7/pcl/pcl_base.h:95:7:[m[K [01;36m[Knote: [m[K  no known conversion for argument 1 from ‘[01m[Kpcl::PointCloud<pcl::PointXYZ>[m[K’ to ‘[01m[Kconst PointCloudConstPtr& {aka const boost::shared_ptr<const pcl::PointCloud<pcl::PointXYZ> >&}[m[K’
[01m[K/home/jrv/Research/Velodyne/velodyne_ws/src/lidar_sp/src/a3.cpp:109:31:[m[K [01;31m[Kerror: [m[Kno matching function for call to ‘[01m[Kpcl::ExtractIndices<pcl::PointXYZ>::setInputCloud(pcl::PointCloud<pcl::PointXYZ>&)[m[K’
   extract.setInputCloud (cloud);
[01;32m[K                               ^[m[K
In file included from [01m[K/usr/include/pcl-1.7/pcl/common/io.h:45:0[m[K,
                 from [01m[K/usr/include/pcl-1.7/pcl/io/file_io.h:42[m[K,
                 from [01m[K/usr/include/pcl-1.7/pcl/io/pcd_io.h:44[m[K,
                 from [01m[K/opt/ros/kinetic/include/pcl_conversions/pcl_conversions.h:70[m[K,
                 from [01m[K/home/jrv/Research/Velodyne/velodyne_ws/src/lidar_sp/src/a3.cpp:3[m[K:
[01m[K/usr/include/pcl-1.7/pcl/pcl_base.h:95:7:[m[K [01;36m[Knote: [m[Kcandidate: void pcl::PCLBase<PointT>::setInputCloud(const PointCloudConstPtr&) [with PointT = pcl::PointXYZ; pcl::PCLBase<PointT>::PointCloudConstPtr = boost::shared_ptr<const pcl::PointCloud<pcl::PointXYZ> >]
       setInputCloud (const PointCloudConstPtr &cloud);
[01;32m[K       ^[m[K
[01m[K/usr/include/pcl-1.7/pcl/pcl_base.h:95:7:[m[K [01;36m[Knote: [m[K  no known conversion for argument 1 from ‘[01m[Kpcl::PointCloud<pcl::PointXYZ>[m[K’ to ‘[01m[Kconst PointCloudConstPtr& {aka const boost::shared_ptr<const pcl::PointCloud<pcl::PointXYZ> >&}[m[K’
CMakeFiles/a3.dir/build.make:62: recipe for target 'CMakeFiles/a3.dir/src/a3.cpp.o' failed
make[2]: *** [CMakeFiles/a3.dir/src/a3.cpp.o] Error 1
CMakeFiles/Makefile2:67: recipe for target 'CMakeFiles/a3.dir/all' failed
make[1]: *** [CMakeFiles/a3.dir/all] Error 2
Makefile:140: recipe for target 'all' failed
make: *** [all] Error 2
