[ 16%] [32m[1mLinking CXX executable /home/jrv/Research/Velodyne/velodyne_ws/devel/.private/lidar_sp/lib/lidar_sp/a2_helper[0m
[ 33%] [32m[1mLinking CXX executable /home/jrv/Research/Velodyne/velodyne_ws/devel/.private/lidar_sp/lib/lidar_sp/a2[0m
[ 66%] Built target a1
CMakeFiles/a2_helper.dir/src/a2_helper.cpp.o: In function `main':
a2_helper.cpp:(.text+0x2a0): undefined reference to `ros::init(int&, char**, std::__cxx11::basic_string<char, std::char_traits<char>, std::allocator<char> > const&, unsigned int)'
a2_helper.cpp:(.text+0x2fc): undefined reference to `ros::NodeHandle::NodeHandle(std::__cxx11::basic_string<char, std::char_traits<char>, std::allocator<char> > const&, std::map<std::__cxx11::basic_string<char, std::char_traits<char>, std::allocator<char> >, std::__cxx11::basic_string<char, std::char_traits<char>, std::allocator<char> >, std::less<std::__cxx11::basic_string<char, std::char_traits<char>, std::allocator<char> > >, std::allocator<std::pair<std::__cxx11::basic_string<char, std::char_traits<char>, std::allocator<char> > const, std::__cxx11::basic_string<char, std::char_traits<char>, std::allocator<char> > > > > const&)'
a2_helper.cpp:(.text+0x3ce): undefined reference to `ros::spin()'
a2_helper.cpp:(.text+0x3dd): undefined reference to `ros::Subscriber::~Subscriber()'
a2_helper.cpp:(.text+0x3ec): undefined reference to `ros::NodeHandle::~NodeHandle()'
a2_helper.cpp:(.text+0x460): undefined reference to `ros::NodeHandle::~NodeHandle()'
a2_helper.cpp:(.text+0x491): undefined reference to `ros::NodeHandle::~NodeHandle()'
a2_helper.cpp:(.text+0x4c2): undefined reference to `ros::Subscriber::~Subscriber()'
a2_helper.cpp:(.text+0x4f9): undefined reference to `ros::Subscriber::~Subscriber()'
a2_helper.cpp:(.text+0x50d): undefined reference to `ros::Subscriber::~Subscriber()'
a2_helper.cpp:(.text+0x521): undefined reference to `ros::NodeHandle::~NodeHandle()'
CMakeFiles/a2_helper.dir/src/a2_helper.cpp.o: In function `__static_initialization_and_destruction_0(int, int)':
a2_helper.cpp:(.text+0x5ec): undefined reference to `boost::system::generic_category()'
a2_helper.cpp:(.text+0x5f8): undefined reference to `boost::system::generic_category()'
a2_helper.cpp:(.text+0x604): undefined reference to `boost::system::system_category()'
CMakeFiles/a2_helper.dir/src/a2_helper.cpp.o: In function `pcl::PCDWriter::write(std::__cxx11::basic_string<char, std::char_traits<char>, std::allocator<char> > const&, pcl::PCLPointCloud2 const&, Eigen::Matrix<float, 4, 1, 0, 4, 1> const&, Eigen::Quaternion<float, 0> const&, bool)':
a2_helper.cpp:(.text._ZN3pcl9PCDWriter5writeERKNSt7__cxx1112basic_stringIcSt11char_traitsIcESaIcEEERKNS_14PCLPointCloud2ERKN5Eigen6MatrixIfLi4ELi1ELi0ELi4ELi1EEERKNSC_10QuaternionIfLi0EEEb[_ZN3pcl9PCDWriter5writeERKNSt7__cxx1112basic_stringIcSt11char_traitsIcESaIcEEERKNS_14PCLPointCloud2ERKN5Eigen6MatrixIfLi4ELi1ELi0ELi4ELi1EEERKNSC_10QuaternionIfLi0EEEb]+0x43): undefined reference to `pcl::PCDWriter::writeBinary(std::__cxx11::basic_string<char, std::char_traits<char>, std::allocator<char> > const&, pcl::PCLPointCloud2 const&, Eigen::Matrix<float, 4, 1, 0, 4, 1> const&, Eigen::Quaternion<float, 0> const&)'
a2_helper.cpp:(.text._ZN3pcl9PCDWriter5writeERKNSt7__cxx1112basic_stringIcSt11char_traitsIcESaIcEEERKNS_14PCLPointCloud2ERKN5Eigen6MatrixIfLi4ELi1ELi0ELi4ELi1EEERKNSC_10QuaternionIfLi0EEEb[_ZN3pcl9PCDWriter5writeERKNSt7__cxx1112basic_stringIcSt11char_traitsIcESaIcEEERKNS_14PCLPointCloud2ERKN5Eigen6MatrixIfLi4ELi1ELi0ELi4ELi1EEERKNSC_10QuaternionIfLi0EEEb]+0x6a): undefined reference to `pcl::PCDWriter::writeASCII(std::__cxx11::basic_string<char, std::char_traits<char>, std::allocator<char> > const&, pcl::PCLPointCloud2 const&, Eigen::Matrix<float, 4, 1, 0, 4, 1> const&, Eigen::Quaternion<float, 0> const&, int)'
CMakeFiles/a2_helper.dir/src/a2_helper.cpp.o: In function `ros::Subscriber ros::NodeHandle::subscribe<sensor_msgs::PointCloud2_<std::allocator<void> > >(std::__cxx11::basic_string<char, std::char_traits<char>, std::allocator<char> > const&, unsigned int, void (*)(boost::shared_ptr<sensor_msgs::PointCloud2_<std::allocator<void> > const> const&), ros::TransportHints const&)':
a2_helper.cpp:(.text._ZN3ros10NodeHandle9subscribeIN11sensor_msgs12PointCloud2_ISaIvEEEEENS_10SubscriberERKNSt7__cxx1112basic_stringIcSt11char_traitsIcESaIcEEEjPFvRKN5boost10shared_ptrIKT_EEERKNS_14TransportHintsE[_ZN3ros10NodeHandle9subscribeIN11sensor_msgs12PointCloud2_ISaIvEEEEENS_10SubscriberERKNSt7__cxx1112basic_stringIcSt11char_traitsIcESaIcEEEjPFvRKN5boost10shared_ptrIKT_EEERKNS_14TransportHintsE]+0x115): undefined reference to `ros::NodeHandle::subscribe(ros::SubscribeOptions&)'
CMakeFiles/a2_helper.dir/src/a2_helper.cpp.o: In function `int pcl::PCDWriter::writeBinary<pcl::PointXYZI>(std::__cxx11::basic_string<char, std::char_traits<char>, std::allocator<char> > const&, pcl::PointCloud<pcl::PointXYZI> const&)':
a2_helper.cpp:(.text._ZN3pcl9PCDWriter11writeBinaryINS_9PointXYZIEEEiRKNSt7__cxx1112basic_stringIcSt11char_traitsIcESaIcEEERKNS_10PointCloudIT_EE[_ZN3pcl9PCDWriter11writeBinaryINS_9PointXYZIEEEiRKNSt7__cxx1112basic_stringIcSt11char_traitsIcESaIcEEERKNS_10PointCloudIT_EE]+0x39b): undefined reference to `pcl::PCDWriter::setLockingPermissions(std::__cxx11::basic_string<char, std::char_traits<char>, std::allocator<char> > const&, boost::interprocess::file_lock&)'
a2_helper.cpp:(.text._ZN3pcl9PCDWriter11writeBinaryINS_9PointXYZIEEEiRKNSt7__cxx1112basic_stringIcSt11char_traitsIcESaIcEEERKNS_10PointCloudIT_EE[_ZN3pcl9PCDWriter11writeBinaryINS_9PointXYZIEEEiRKNSt7__cxx1112basic_stringIcSt11char_traitsIcESaIcEEERKNS_10PointCloudIT_EE]+0x5ec): undefined reference to `pcl::PCDWriter::resetLockingPermissions(std::__cxx11::basic_string<char, std::char_traits<char>, std::allocator<char> > const&, boost::interprocess::file_lock&)'
a2_helper.cpp:(.text._ZN3pcl9PCDWriter11writeBinaryINS_9PointXYZIEEEiRKNSt7__cxx1112basic_stringIcSt11char_traitsIcESaIcEEERKNS_10PointCloudIT_EE[_ZN3pcl9PCDWriter11writeBinaryINS_9PointXYZIEEEiRKNSt7__cxx1112basic_stringIcSt11char_traitsIcESaIcEEERKNS_10PointCloudIT_EE]+0x61d): undefined reference to `pcl::console::print(pcl::console::VERBOSITY_LEVEL, char const*, ...)'
a2_helper.cpp:(.text._ZN3pcl9PCDWriter11writeBinaryINS_9PointXYZIEEEiRKNSt7__cxx1112basic_stringIcSt11char_traitsIcESaIcEEERKNS_10PointCloudIT_EE[_ZN3pcl9PCDWriter11writeBinaryINS_9PointXYZIEEEiRKNSt7__cxx1112basic_stringIcSt11char_traitsIcESaIcEEERKNS_10PointCloudIT_EE]+0x795): undefined reference to `pcl::PCDWriter::resetLockingPermissions(std::__cxx11::basic_string<char, std::char_traits<char>, std::allocator<char> > const&, boost::interprocess::file_lock&)'
a2_helper.cpp:(.text._ZN3pcl9PCDWriter11writeBinaryINS_9PointXYZIEEEiRKNSt7__cxx1112basic_stringIcSt11char_traitsIcESaIcEEERKNS_10PointCloudIT_EE[_ZN3pcl9PCDWriter11writeBinaryINS_9PointXYZIEEEiRKNSt7__cxx1112basic_stringIcSt11char_traitsIcESaIcEEERKNS_10PointCloudIT_EE]+0x92d): undefined reference to `pcl::PCDWriter::resetLockingPermissions(std::__cxx11::basic_string<char, std::char_traits<char>, std::allocator<char> > const&, boost::interprocess::file_lock&)'
a2_helper.cpp:(.text._ZN3pcl9PCDWriter11writeBinaryINS_9PointXYZIEEEiRKNSt7__cxx1112basic_stringIcSt11char_traitsIcESaIcEEERKNS_10PointCloudIT_EE[_ZN3pcl9PCDWriter11writeBinaryINS_9PointXYZIEEEiRKNSt7__cxx1112basic_stringIcSt11char_traitsIcESaIcEEERKNS_10PointCloudIT_EE]+0xc7c): undefined reference to `pcl::PCDWriter::resetLockingPermissions(std::__cxx11::basic_string<char, std::char_traits<char>, std::allocator<char> > const&, boost::interprocess::file_lock&)'
a2_helper.cpp:(.text._ZN3pcl9PCDWriter11writeBinaryINS_9PointXYZIEEEiRKNSt7__cxx1112basic_stringIcSt11char_traitsIcESaIcEEERKNS_10PointCloudIT_EE[_ZN3pcl9PCDWriter11writeBinaryINS_9PointXYZIEEEiRKNSt7__cxx1112basic_stringIcSt11char_traitsIcESaIcEEERKNS_10PointCloudIT_EE]+0xdc6): undefined reference to `pcl::PCDWriter::resetLockingPermissions(std::__cxx11::basic_string<char, std::char_traits<char>, std::allocator<char> > const&, boost::interprocess::file_lock&)'
CMakeFiles/a2_helper.dir/src/a2_helper.cpp.o: In function `int pcl::PCDWriter::writeASCII<pcl::PointXYZI>(std::__cxx11::basic_string<char, std::char_traits<char>, std::allocator<char> > const&, pcl::PointCloud<pcl::PointXYZI> const&, int)':
a2_helper.cpp:(.text._ZN3pcl9PCDWriter10writeASCIIINS_9PointXYZIEEEiRKNSt7__cxx1112basic_stringIcSt11char_traitsIcESaIcEEERKNS_10PointCloudIT_EEi[_ZN3pcl9PCDWriter10writeASCIIINS_9PointXYZIEEEiRKNSt7__cxx1112basic_stringIcSt11char_traitsIcESaIcEEERKNS_10PointCloudIT_EEi]+0x494): undefined reference to `pcl::PCDWriter::setLockingPermissions(std::__cxx11::basic_string<char, std::char_traits<char>, std::allocator<char> > const&, boost::interprocess::file_lock&)'
a2_helper.cpp:(.text._ZN3pcl9PCDWriter10writeASCIIINS_9PointXYZIEEEiRKNSt7__cxx1112basic_stringIcSt11char_traitsIcESaIcEEERKNS_10PointCloudIT_EEi[_ZN3pcl9PCDWriter10writeASCIIINS_9PointXYZIEEEiRKNSt7__cxx1112basic_stringIcSt11char_traitsIcESaIcEEERKNS_10PointCloudIT_EEi]+0xcc5): undefined reference to `pcl::console::print(pcl::console::VERBOSITY_LEVEL, char const*, ...)'
a2_helper.cpp:(.text._ZN3pcl9PCDWriter10writeASCIIINS_9PointXYZIEEEiRKNSt7__cxx1112basic_stringIcSt11char_traitsIcESaIcEEERKNS_10PointCloudIT_EEi[_ZN3pcl9PCDWriter10writeASCIIINS_9PointXYZIEEEiRKNSt7__cxx1112basic_stringIcSt11char_traitsIcESaIcEEERKNS_10PointCloudIT_EEi]+0xe69): undefined reference to `pcl::PCDWriter::resetLockingPermissions(std::__cxx11::basic_string<char, std::char_traits<char>, std::allocator<char> > const&, boost::interprocess::file_lock&)'
CMakeFiles/a2_helper.dir/src/a2_helper.cpp.o: In function `ros::SubscriptionCallbackHelperT<boost::shared_ptr<sensor_msgs::PointCloud2_<std::allocator<void> > const> const&, void>::deserialize(ros::SubscriptionCallbackHelperDeserializeParams const&)':
a2_helper.cpp:(.text._ZN3ros27SubscriptionCallbackHelperTIRKN5boost10shared_ptrIKN11sensor_msgs12PointCloud2_ISaIvEEEEEvE11deserializeERKNS_43SubscriptionCallbackHelperDeserializeParamsE[_ZN3ros27SubscriptionCallbackHelperTIRKN5boost10shared_ptrIKN11sensor_msgs12PointCloud2_ISaIvEEEEEvE11deserializeERKNS_43SubscriptionCallbackHelperDeserializeParamsE]+0x61): undefined reference to `ros::console::g_initialized'
a2_helper.cpp:(.text._ZN3ros27SubscriptionCallbackHelperTIRKN5boost10shared_ptrIKN11sensor_msgs12PointCloud2_ISaIvEEEEEvE11deserializeERKNS_43SubscriptionCallbackHelperDeserializeParamsE[_ZN3ros27SubscriptionCallbackHelperTIRKN5boost10shared_ptrIKN11sensor_msgs12PointCloud2_ISaIvEEEEEvE11deserializeERKNS_43SubscriptionCallbackHelperDeserializeParamsE]+0x71): undefined reference to `ros::console::initialize()'
a2_helper.cpp:(.text._ZN3ros27SubscriptionCallbackHelperTIRKN5boost10shared_ptrIKN11sensor_msgs12PointCloud2_ISaIvEEEEEvE11deserializeERKNS_43SubscriptionCallbackHelperDeserializeParamsE[_ZN3ros27SubscriptionCallbackHelperTIRKN5boost10shared_ptrIKN11sensor_msgs12PointCloud2_ISaIvEEEEEvE11deserializeERKNS_43SubscriptionCallbackHelperDeserializeParamsE]+0xba): undefined reference to `ros::console::initializeLogLocation(ros::console::LogLocation*, std::__cxx11::basic_string<char, std::char_traits<char>, std::allocator<char> > const&, ros::console::levels::Level)'
a2_helper.cpp:(.text._ZN3ros27SubscriptionCallbackHelperTIRKN5boost10shared_ptrIKN11sensor_msgs12PointCloud2_ISaIvEEEEEvE11deserializeERKNS_43SubscriptionCallbackHelperDeserializeParamsE[_ZN3ros27SubscriptionCallbackHelperTIRKN5boost10shared_ptrIKN11sensor_msgs12PointCloud2_ISaIvEEEEEvE11deserializeERKNS_43SubscriptionCallbackHelperDeserializeParamsE]+0xf4): undefined reference to `ros::console::setLogLocationLevel(ros::console::LogLocation*, ros::console::levels::Level)'
a2_helper.cpp:(.text._ZN3ros27SubscriptionCallbackHelperTIRKN5boost10shared_ptrIKN11sensor_msgs12PointCloud2_ISaIvEEEEEvE11deserializeERKNS_43SubscriptionCallbackHelperDeserializeParamsE[_ZN3ros27SubscriptionCallbackHelperTIRKN5boost10shared_ptrIKN11sensor_msgs12PointCloud2_ISaIvEEEEEvE11deserializeERKNS_43SubscriptionCallbackHelperDeserializeParamsE]+0xfe): undefined reference to `ros::console::checkLogLocationEnabled(ros::console::LogLocation*)'
a2_helper.cpp:(.text._ZN3ros27SubscriptionCallbackHelperTIRKN5boost10shared_ptrIKN11sensor_msgs12PointCloud2_ISaIvEEEEEvE11deserializeERKNS_43SubscriptionCallbackHelperDeserializeParamsE[_ZN3ros27SubscriptionCallbackHelperTIRKN5boost10shared_ptrIKN11sensor_msgs12PointCloud2_ISaIvEEEEEvE11deserializeERKNS_43SubscriptionCallbackHelperDeserializeParamsE]+0x175): undefined reference to `ros::console::print(ros::console::FilterBase*, void*, ros::console::levels::Level, char const*, int, char const*, char const*, ...)'
CMakeFiles/a2_helper.dir/src/a2_helper.cpp.o: In function `void ros::serialization::Serializer<unsigned int>::read<ros::serialization::IStream>(ros::serialization::IStream&, unsigned int&)':
a2_helper.cpp:(.text._ZN3ros13serialization10SerializerIjE4readINS0_7IStreamEEEvRT_Rj[_ZN3ros13serialization10SerializerIjE4readINS0_7IStreamEEEvRT_Rj]+0x54): undefined reference to `ros::serialization::throwStreamOverrun()'
CMakeFiles/a2_helper.dir/src/a2_helper.cpp.o: In function `void ros::serialization::Serializer<unsigned char>::read<ros::serialization::IStream>(ros::serialization::IStream&, unsigned char&)':
a2_helper.cpp:(.text._ZN3ros13serialization10SerializerIhE4readINS0_7IStreamEEEvRT_Rh[_ZN3ros13serialization10SerializerIhE4readINS0_7IStreamEEEvRT_Rh]+0x54): undefined reference to `ros::serialization::throwStreamOverrun()'
CMakeFiles/a2_helper.dir/src/a2_helper.cpp.o: In function `void ros::serialization::VectorSerializer<unsigned char, std::allocator<unsigned char>, void>::read<ros::serialization::IStream>(ros::serialization::IStream&, std::vector<unsigned char, std::allocator<unsigned char> >&)':
a2_helper.cpp:(.text._ZN3ros13serialization16VectorSerializerIhSaIhEvE4readINS0_7IStreamEEEvRT_RSt6vectorIhS2_E[_ZN3ros13serialization16VectorSerializerIhSaIhEvE4readINS0_7IStreamEEEvRT_RSt6vectorIhS2_E]+0xb1): undefined reference to `ros::serialization::throwStreamOverrun()'
CMakeFiles/a2_helper.dir/src/a2_helper.cpp.o: In function `void ros::serialization::Serializer<std::__cxx11::basic_string<char, std::char_traits<char>, std::allocator<char> > >::read<ros::serialization::IStream>(ros::serialization::IStream&, std::__cxx11::basic_string<char, std::char_traits<char>, std::allocator<char> >&)':
a2_helper.cpp:(.text._ZN3ros13serialization10SerializerINSt7__cxx1112basic_stringIcSt11char_traitsIcESaIcEEEE4readINS0_7IStreamEEEvRT_RS7_[_ZN3ros13serialization10SerializerINSt7__cxx1112basic_stringIcSt11char_traitsIcESaIcEEEE4readINS0_7IStreamEEEvRT_RS7_]+0x99): undefined reference to `ros::serialization::throwStreamOverrun()'
collect2: error: ld returned 1 exit status
CMakeFiles/a2.dir/src/a2.cpp.o: In function `main':
a2.cpp:(.text+0x190): undefined reference to `pcl::PCLBase<pcl::PointXYZ>::setInputCloud(boost::shared_ptr<pcl::PointCloud<pcl::PointXYZ> const> const&)'
CMakeFiles/a2.dir/src/a2.cpp.o: In function `__static_initialization_and_destruction_0(int, int)':
a2.cpp:(.text+0x559): undefined reference to `boost::system::generic_category()'
a2.cpp:(.text+0x565): undefined reference to `boost::system::generic_category()'
a2.cpp:(.text+0x571): undefined reference to `boost::system::system_category()'
CMakeFiles/a2.dir/src/a2.cpp.o: In function `pcl::PCDReader::PCDReader()':
a2.cpp:(.text._ZN3pcl9PCDReaderC2Ev[_ZN3pcl9PCDReaderC5Ev]+0x19): undefined reference to `vtable for pcl::PCDReader'
CMakeFiles/a2.dir/src/a2.cpp.o: In function `pcl::PCDReader::~PCDReader()':
a2.cpp:(.text._ZN3pcl9PCDReaderD2Ev[_ZN3pcl9PCDReaderD5Ev]+0xd): undefined reference to `vtable for pcl::PCDReader'
CMakeFiles/a2.dir/src/a2.cpp.o: In function `pcl::PCDWriter::write(std::__cxx11::basic_string<char, std::char_traits<char>, std::allocator<char> > const&, pcl::PCLPointCloud2 const&, Eigen::Matrix<float, 4, 1, 0, 4, 1> const&, Eigen::Quaternion<float, 0> const&, bool)':
a2.cpp:(.text._ZN3pcl9PCDWriter5writeERKNSt7__cxx1112basic_stringIcSt11char_traitsIcESaIcEEERKNS_14PCLPointCloud2ERKN5Eigen6MatrixIfLi4ELi1ELi0ELi4ELi1EEERKNSC_10QuaternionIfLi0EEEb[_ZN3pcl9PCDWriter5writeERKNSt7__cxx1112basic_stringIcSt11char_traitsIcESaIcEEERKNS_14PCLPointCloud2ERKN5Eigen6MatrixIfLi4ELi1ELi0ELi4ELi1EEERKNSC_10QuaternionIfLi0EEEb]+0x43): undefined reference to `pcl::PCDWriter::writeBinary(std::__cxx11::basic_string<char, std::char_traits<char>, std::allocator<char> > const&, pcl::PCLPointCloud2 const&, Eigen::Matrix<float, 4, 1, 0, 4, 1> const&, Eigen::Quaternion<float,make[2]: *** [/home/jrv/Research/Velodyne/velodyne_ws/devel/.private/lidar_sp/lib/lidar_sp/a2_helper] Error 1
 0> const&)'
CMakeFiles/a2_helper.dir/build.make:94: recipe for target '/home/jrv/Research/Velodyne/velodyne_ws/devel/.private/lidar_sp/lib/lidar_sp/a2_helper' failed
a2.cpp:(.text._ZN3pcl9PCDWriter5writeERKNSt7__cxx1112basic_stringIcSt11char_traitsIcESaIcEEERKNS_14PCLPointCloud2ERKN5Eigen6MatrixIfLi4ELi1ELi0ELi4ELi1EEERKNSC_10QuaternionIfLi0EEEb[_ZN3pcl9PCDWriter5writeERKNSt7__cxx1112basic_stringIcSt11char_traitsIcESaIcEEERKNS_14PCLPointCloud2ERKN5Eigen6MatrixIfLi4ELi1ELi0ELi4ELi1EEERKNSC_10QuaternionIfLi0EEEb]+0x6a): undefined reference to `pcl::PCDWriter::writeASCII(std::__cxx11::basic_string<char, std::char_traits<char>, std::allocator<char> > const&, pcl::PCLPointCloud2 const&, Eigen::Matrix<float, 4, 1, 0, 4, 1> const&, Eigen::Quaternion<float, 0> const&, int)'
CMakeFiles/a2.dir/src/a2.cpp.o: In function `pcl::Filter<pcl::PointXYZ>::filter(pcl::PointCloud<pcl::PointXYZ>&)':
a2.cpp:(.text._ZN3pcl6FilterINS_8PointXYZEE6filterERNS_10PointCloudIS1_EE[_ZN3pcl6FilterINS_8PointXYZEE6filterERNS_10PointCloudIS1_EE]+0x18): undefined reference to `pcl::PCLBase<pcl::PointXYZ>::initCompute()'
a2.cpp:(.text._ZN3pcl6FilterINS_8PointXYZEE6filterERNS_10PointCloudIS1_EE[_ZN3pcl6FilterINS_8PointXYZEE6filterERNS_10PointCloudIS1_EE]+0xc2): undefined reference to `pcl::PCLBase<pcl::PointXYZ>::deinitCompute()'
CMakeFiles/a2.dir/src/a2.cpp.o: In function `int pcl::PCDWriter::writeBinary<pcl::PointXYZ>(std::__cxx11::basic_string<char, std::char_traits<char>, std::allocator<make[1]: *** [CMakeFiles/a2_helper.dir/all] Error 2
char> > const&, pcl::make[1]: *** Waiting for unfinished jobs....
CMakeFiles/Makefile2:67: recipe for target 'CMakeFiles/a2_helper.dir/all' failed
PointCloud<pcl::PointXYZ> const&)':
a2.cpp:(.text._ZN3pcl9PCDWriter11writeBinaryINS_8PointXYZEEEiRKNSt7__cxx1112basic_stringIcSt11char_traitsIcESaIcEEERKNS_10PointCloudIT_EE[_ZN3pcl9PCDWriter11writeBinaryINS_8PointXYZEEEiRKNSt7__cxx1112basic_stringIcSt11char_traitsIcESaIcEEERKNS_10PointCloudIT_EE]+0x39b): undefined reference to `pcl::PCDWriter::setLockingPermissions(std::__cxx11::basic_string<char, std::char_traits<char>, std::allocator<char> > const&, boost::interprocess::file_lock&)'
a2.cpp:(.text._ZN3pcl9PCDWriter11writeBinaryINS_8PointXYZEEEiRKNSt7__cxx1112basic_stringIcSt11char_traitsIcESaIcEEERKNS_10PointCloudIT_EE[_ZN3pcl9PCDWriter11writeBinaryINS_8PointXYZEEEiRKNSt7__cxx1112basic_stringIcSt11char_traitsIcESaIcEEERKNS_10PointCloudIT_EE]+0x5ec): undefined reference to `pcl::PCDWriter::resetLockingPermissions(std::__cxx11::basic_string<char, std::char_traits<char>, std::allocator<char> > const&, boost::interprocess::file_lock&)'
a2.cpp:(.text._ZN3pcl9PCDWriter11writeBinaryINS_8PointXYZEEEiRKNSt7__cxx1112basic_stringIcSt11char_traitsIcESaIcEEERKNS_10PointCloudIT_EE[_ZN3pcl9PCDWriter11writeBinaryINS_8PointXYZEEEiRKNSt7__cxx1112basic_stringIcSt11char_traitsIcESaIcEEERKNS_10PointCloudIT_EE]+0x61d): undefined reference to `pcl::console::print(pcl::console::VERBOSITY_LEVEL, char const*, ...)'
a2.cpp:(.text._ZN3pcl9PCDWriter11writeBinaryINS_8PointXYZEEEiRKNSt7__cxx1112basic_stringIcSt11char_traitsIcESaIcEEERKNS_10PointCloudIT_EE[_ZN3pcl9PCDWriter11writeBinaryINS_8PointXYZEEEiRKNSt7__cxx1112basic_stringIcSt11char_traitsIcESaIcEEERKNS_10PointCloudIT_EE]+0x795): undefined reference to `pcl::PCDWriter::resetLockingPermissions(std::__cxx11::basic_string<char, std::char_traits<char>, std::allocator<char> > const&, boost::interprocess::file_lock&)'
a2.cpp:(.text._ZN3pcl9PCDWriter11writeBinaryINS_8PointXYZEEEiRKNSt7__cxx1112basic_stringIcSt11char_traitsIcESaIcEEERKNS_10PointCloudIT_EE[_ZN3pcl9PCDWriter11writeBinaryINS_8PointXYZEEEiRKNSt7__cxx1112basic_stringIcSt11char_traitsIcESaIcEEERKNS_10PointCloudIT_EE]+0x92d): undefined reference to `pcl::PCDWriter::resetLockingPermissions(std::__cxx11::basic_string<char, std::char_traits<char>, std::allocator<char> > const&, boost::interprocess::file_lock&)'
a2.cpp:(.text._ZN3pcl9PCDWriter11writeBinaryINS_8PointXYZEEEiRKNSt7__cxx1112basic_stringIcSt11char_traitsIcESaIcEEERKNS_10PointCloudIT_EE[_ZN3pcl9PCDWriter11writeBinaryINS_8PointXYZEEEiRKNSt7__cxx1112basic_stringIcSt11char_traitsIcESaIcEEERKNS_10PointCloudIT_EE]+0xc7c): undefined reference to `pcl::PCDWriter::resetLockingPermissions(std::__cxx11::basic_string<char, std::char_traits<char>, std::allocator<char> > const&, boost::interprocess::file_lock&)'
a2.cpp:(.text._ZN3pcl9PCDWriter11writeBinaryINS_8PointXYZEEEiRKNSt7__cxx1112basic_stringIcSt11char_traitsIcESaIcEEERKNS_10PointCloudIT_EE[_ZN3pcl9PCDWriter11writeBinaryINS_8PointXYZEEEiRKNSt7__cxx1112basic_stringIcSt11char_traitsIcESaIcEEERKNS_10PointCloudIT_EE]+0xdc6): undefined reference to `pcl::PCDWriter::resetLockingPermissions(std::__cxx11::basic_string<char, std::char_traits<char>, std::allocator<char> > const&, boost::interprocess::file_lock&)'
CMakeFiles/a2.dir/src/a2.cpp.o: In function `int pcl::PCDWriter::writeASCII<pcl::PointXYZ>(std::__cxx11::basic_string<char, std::char_traits<char>, std::allocator<char> > const&, pcl::PointCloud<pcl::PointXYZ> const&, int)':
a2.cpp:(.text._ZN3pcl9PCDWriter10writeASCIIINS_8PointXYZEEEiRKNSt7__cxx1112basic_stringIcSt11char_traitsIcESaIcEEERKNS_10PointCloudIT_EEi[_ZN3pcl9PCDWriter10writeASCIIINS_8PointXYZEEEiRKNSt7__cxx1112basic_stringIcSt11char_traitsIcESaIcEEERKNS_10PointCloudIT_EEi]+0x494): undefined reference to `pcl::PCDWriter::setLockingPermissions(std::__cxx11::basic_string<char, std::char_traits<char>, std::allocator<char> > const&, boost::interprocess::file_lock&)'
a2.cpp:(.text._ZN3pcl9PCDWriter10writeASCIIINS_8PointXYZEEEiRKNSt7__cxx1112basic_stringIcSt11char_traitsIcESaIcEEERKNS_10PointCloudIT_EEi[_ZN3pcl9PCDWriter10writeASCIIINS_8PointXYZEEEiRKNSt7__cxx1112basic_stringIcSt11char_traitsIcESaIcEEERKNS_10PointCloudIT_EEi]+0xcc5): undefined reference to `pcl::console::print(pcl::console::VERBOSITY_LEVEL, char const*, ...)'
a2.cpp:(.text._ZN3pcl9PCDWriter10writeASCIIINS_8PointXYZEEEiRKNSt7__cxx1112basic_stringIcSt11char_traitsIcESaIcEEERKNS_10PointCloudIT_EEi[_ZN3pcl9PCDWriter10writeASCIIINS_8PointXYZEEEiRKNSt7__cxx1112basic_stringIcSt11char_traitsIcESaIcEEERKNS_10PointCloudIT_EEi]+0xe69): undefined reference to `pcl::PCDWriter::resetLockingPermissions(std::__cxx11::basic_string<char, std::char_traits<char>, std::allocator<char> > const&, boost::interprocess::file_lock&)'
CMakeFiles/a2.dir/src/a2.cpp.o: In function `pcl::Filter<pcl::PointXYZ>::Filter(bool)':
a2.cpp:(.text._ZN3pcl6FilterINS_8PointXYZEEC2Eb[_ZN3pcl6FilterINS_8PointXYZEEC5Eb]+0x1c): undefined reference to `pcl::PCLBase<pcl::PointXYZ>::PCLBase()'
CMakeFiles/a2.dir/src/a2.cpp.o: In function `void pcl::detail::FieldMapper<pcl::PointXYZ>::operator()<pcl::fields::x>()':
a2.cpp:(.text._ZN3pcl6detail11FieldMapperINS_8PointXYZEEclINS_6fields1xEEEvv[_ZN3pcl6detail11FieldMapperINS_8PointXYZEEclINS_6fields1xEEEvv]+0x2a2): undefined reference to `pcl::console::print(pcl::console::VERBOSITY_LEVEL, char const*, ...)'
CMakeFiles/a2.dir/src/a2.cpp.o: In function `void pcl::detail::FieldMapper<pcl::PointXYZ>::operator()<pcl::fields::y>()':
a2.cpp:(.text._ZN3pcl6detail11FieldMapperINS_8PointXYZEEclINS_6fields1yEEEvv[_ZN3pcl6detail11FieldMapperINS_8PointXYZEEclINS_6fields1yEEEvv]+0x2a2): undefined reference to `pcl::console::print(pcl::console::VERBOSITY_LEVEL, char const*, ...)'
CMakeFiles/a2.dir/src/a2.cpp.o: In function `void pcl::detail::FieldMapper<pcl::PointXYZ>::operator()<pcl::fields::z>()':
a2.cpp:(.text._ZN3pcl6detail11FieldMapperINS_8PointXYZEEclINS_6fields1zEEEvv[_ZN3pcl6detail11FieldMapperINS_8PointXYZEEclINS_6fields1zEEEvv]+0x2a2): undefined reference to `pcl::console::print(pcl::console::VERBOSITY_LEVEL, char const*, ...)'
CMakeFiles/a2.dir/src/a2.cpp.o:(.rodata._ZTVN3pcl25StatisticalOutlierRemovalINS_8PointXYZEEE[_ZTVN3pcl25StatisticalOutlierRemovalINS_8PointXYZEEE]+0x20): undefined reference to `pcl::PCLBase<pcl::PointXYZ>::setInputCloud(boost::shared_ptr<pcl::PointCloud<pcl::PointXYZ> const> const&)'
CMakeFiles/a2.dir/src/a2.cpp.o:(.rodata._ZTVN3pcl25StatisticalOutlierRemovalINS_8PointXYZEEE[_ZTVN3pcl25StatisticalOutlierRemovalINS_8PointXYZEEE]+0x28): undefined reference to `pcl::PCLBase<pcl::PointXYZ>::setIndices(boost::shared_ptr<std::vector<int, std::allocator<int> > > const&)'
CMakeFiles/a2.dir/src/a2.cpp.o:(.rodata._ZTVN3pcl25StatisticalOutlierRemovalINS_8PointXYZEEE[_ZTVN3pcl25StatisticalOutlierRemovalINS_8PointXYZEEE]+0x30): undefined reference to `pcl::PCLBase<pcl::PointXYZ>::setIndices(boost::shared_ptr<std::vector<int, std::allocator<int> > const> const&)'
CMakeFiles/a2.dir/src/a2.cpp.o:(.rodata._ZTVN3pcl25StatisticalOutlierRemovalINS_8PointXYZEEE[_ZTVN3pcl25StatisticalOutlierRemovalINS_8PointXYZEEE]+0x38): undefined reference to `pcl::PCLBase<pcl::PointXYZ>::setIndices(boost::shared_ptr<pcl::PointIndices const> const&)'
CMakeFiles/a2.dir/src/a2.cpp.o:(.rodata._ZTVN3pcl25StatisticalOutlierRemovalINS_8PointXYZEEE[_ZTVN3pcl25StatisticalOutlierRemovalINS_8PointXYZEEE]+0x40): undefined reference to `pcl::PCLBase<pcl::PointXYZ>::setIndices(unsigned long, unsigned long, unsigned long, unsigned long)'
CMakeFiles/a2.dir/src/a2.cpp.o:(.rodata._ZTVN3pcl25StatisticalOutlierRemovalINS_8PointXYZEEE[_ZTVN3pcl25StatisticalOutlierRemovalINS_8PointXYZEEE]+0x48): undefined reference to `pcl::StatisticalOutlierRemoval<pcl::PointXYZ>::applyFilter(pcl::PointCloud<pcl::PointXYZ>&)'
CMakeFiles/a2.dir/src/a2.cpp.o:(.rodata._ZTVN3pcl13FilterIndicesINS_8PointXYZEEE[_ZTVN3pcl13FilterIndicesINS_8PointXYZEEE]+0x20): undefined reference to `pcl::PCLBase<pcl::PointXYZ>::setInputCloud(boost::shared_ptr<pcl::PointCloud<pcl::PointXYZ> const> const&)'
CMakeFiles/a2.dir/src/a2.cpp.o:(.rodata._ZTVN3pcl13FilterIndicesINS_8PointXYZEEE[_ZTVN3pcl13FilterIndicesINS_8PointXYZEEE]+0x28): undefined reference to `pcl::PCLBase<pcl::PointXYZ>::setIndices(boost::shared_ptr<std::vector<int, std::allocator<int> > > const&)'
CMakeFiles/a2.dir/src/a2.cpp.o:(.rodata._ZTVN3pcl13FilterIndicesINS_8PointXYZEEE[_ZTVN3pcl13FilterIndicesINS_8PointXYZEEE]+0x30): undefined reference to `pcl::PCLBase<pcl::PointXYZ>::setIndices(boost::shared_ptr<std::vector<int, std::allocator<int> > const> const&)'
CMakeFiles/a2.dir/src/a2.cpp.o:(.rodata._ZTVN3pcl13FilterIndicesINS_8PointXYZEEE[_ZTVN3pcl13FilterIndicesINS_8PointXYZEEE]+0x38): undefined reference to `pcl::PCLBase<pcl::PointXYZ>::setIndices(boost::shared_ptr<pcl::PointIndices const> const&)'
CMakeFiles/a2.dir/src/a2.cpp.o:(.rodata._ZTVN3pcl13FilterIndicesINS_8PointXYZEEE[_ZTVN3pcl13FilterIndicesINS_8PointXYZEEE]+0x40): undefined reference to `pcl::PCLBase<pcl::PointXYZ>::setIndices(unsigned long, unsigned long, unsigned long, unsigned long)'
CMakeFiles/a2.dir/src/a2.cpp.o:(.rodata._ZTVN3pcl6FilterINS_8PointXYZEEE[_ZTVN3pcl6FilterINS_8PointXYZEEE]+0x20): undefined reference to `pcl::PCLBase<pcl::PointXYZ>::setInputCloud(boost::shared_ptr<pcl::PointCloud<pcl::PointXYZ> const> const&)'
CMakeFiles/a2.dir/src/a2.cpp.o:(.rodata._ZTVN3pcl6FilterINS_8PointXYZEEE[_ZTVN3pcl6FilterINS_8PointXYZEEE]+0x28): undefined reference to `pcl::PCLBase<pcl::PointXYZ>::setIndices(boost::shared_ptr<std::vector<int, std::allocator<int> > > const&)'
CMakeFiles/a2.dir/src/a2.cpp.o:(.rodata._ZTVN3pcl6FilterINS_8PointXYZEEE[_ZTVN3pcl6FilterINS_8PointXYZEEE]+0x30): undefined reference to `pcl::PCLBase<pcl::PointXYZ>::setIndices(boost::shared_ptr<std::vector<int, std::allocator<int> > const> const&)'
CMakeFiles/a2.dir/src/a2.cpp.o:(.rodata._ZTVN3pcl6FilterINS_8PointXYZEEE[_ZTVN3pcl6FilterINS_8PointXYZEEE]+0x38): undefined reference to `pcl::PCLBase<pcl::PointXYZ>::setIndices(boost::shared_ptr<pcl::PointIndices const> const&)'
CMakeFiles/a2.dir/src/a2.cpp.o:(.rodata._ZTVN3pcl6FilterINS_8PointXYZEEE[_ZTVN3pcl6FilterINS_8PointXYZEEE]+0x40): undefined reference to `pcl::PCLBase<pcl::PointXYZ>::setIndices(unsigned long, unsigned long, unsigned long, unsigned long)'
CMakeFiles/a2.dir/src/a2.cpp.o:(.rodata._ZTVN3pcl7PCLBaseINS_8PointXYZEEE[_ZTVN3pcl7PCLBaseINS_8PointXYZEEE]+0x20): undefined reference to `pcl::PCLBase<pcl::PointXYZ>::setInputCloud(boost::shared_ptr<pcl::PointCloud<pcl::PointXYZ> const> const&)'
CMakeFiles/a2.dir/src/a2.cpp.o:(.rodata._ZTVN3pcl7PCLBaseINS_8PointXYZEEE[_ZTVN3pcl7PCLBaseINS_8PointXYZEEE]+0x28): undefined reference to `pcl::PCLBase<pcl::PointXYZ>::setIndices(boost::shared_ptr<std::vector<int, std::allocator<int> > > const&)'
CMakeFiles/a2.dir/src/a2.cpp.o:(.rodata._ZTVN3pcl7PCLBaseINS_8PointXYZEEE[_ZTVN3pcl7PCLBaseINS_8PointXYZEEE]+0x30): undefined reference to `pcl::PCLBase<pcl::PointXYZ>::setIndices(boost::shared_ptr<std::vector<int, std::allocator<int> > const> const&)'
CMakeFiles/a2.dir/src/a2.cpp.o:(.rodata._ZTVN3pcl7PCLBaseINS_8PointXYZEEE[_ZTVN3pcl7PCLBaseINS_8PointXYZEEE]+0x38): undefined reference to `pcl::PCLBase<pcl::PointXYZ>::setIndices(boost::shared_ptr<pcl::PointIndices const> const&)'
CMakeFiles/a2.dir/src/a2.cpp.o:(.rodata._ZTVN3pcl7PCLBaseINS_8PointXYZEEE[_ZTVN3pcl7PCLBaseINS_8PointXYZEEE]+0x40): undefined reference to `pcl::PCLBase<pcl::PointXYZ>::setIndices(unsigned long, unsigned long, unsigned long, unsigned long)'
CMakeFiles/a2.dir/src/a2.cpp.o: In function `pcl::StatisticalOutlierRemoval<pcl::PointXYZ>::applyFilter(std::vector<int, std::allocator<int> >&)':
a2.cpp:(.text._ZN3pcl25StatisticalOutlierRemovalINS_8PointXYZEE11applyFilterERSt6vectorIiSaIiEE[_ZN3pcl25StatisticalOutlierRemovalINS_8PointXYZEE11applyFilterERSt6vectorIiSaIiEE]+0x1f): undefined reference to `pcl::StatisticalOutlierRemoval<pcl::PointXYZ>::applyFilterIndices(std::vector<int, std::allocator<int> >&)'
collect2: error: ld returned 1 exit status
CMakeFiles/a2.dir/build.make:94: recipe for target '/home/jrv/Research/Velodyne/velodyne_ws/devel/.private/lidar_sp/lib/lidar_sp/a2' failed
make[2]: *** [/home/jrv/Research/Velodyne/velodyne_ws/devel/.private/lidar_sp/lib/lidar_sp/a2] Error 1
CMakeFiles/Makefile2:3149: recipe for target 'CMakeFiles/a2.dir/all' failed
make[1]: *** [CMakeFiles/a2.dir/all] Error 2
Makefile:140: recipe for target 'all' failed
make: *** [all] Error 2
