[01m[K/home/jrv/Research/Velodyne/velodyne_ws/src/lidar_sp/src/a2.cpp:[m[K In member function ‘[01m[Kvoid cloud_filter::cloud_sub_pub(const ConstPtr&)[m[K’:
[01m[K/home/jrv/Research/Velodyne/velodyne_ws/src/lidar_sp/src/a2.cpp:51:36:[m[K [01;31m[Kerror: [m[K‘[01m[Kconst ConstPtr {aka const class boost::shared_ptr<const pcl::PointCloud<velodyne_pointcloud::PointXYZIR> >}[m[K’ has no member named ‘[01m[KmakeShared[m[K’
     statFilter.setInputCloud(inMsg.makeShared());
[01;32m[K                                    ^[m[K
[01m[K/home/jrv/Research/Velodyne/velodyne_ws/src/lidar_sp/src/a2.cpp:54:29:[m[K [01;31m[Kerror: [m[Kno matching function for call to ‘[01m[Kpcl::StatisticalOutlierRemoval<pcl::PointXYZRGB>::filter(pcl::PointCloud<pcl::PointXYZRGB>::Ptr&)[m[K’
     statFilter.filter(outMsg);
[01;32m[K                             ^[m[K
In file included from [01m[K/usr/include/pcl-1.7/pcl/filters/statistical_outlier_removal.h:43:0[m[K,
                 from [01m[K/home/jrv/Research/Velodyne/velodyne_ws/src/lidar_sp/src/a2.cpp:5[m[K:
[01m[K/usr/include/pcl-1.7/pcl/filters/filter_indices.h:103:7:[m[K [01;36m[Knote: [m[Kcandidate: void pcl::FilterIndices<PointT>::filter(pcl::FilterIndices<PointT>::PointCloud&) [with PointT = pcl::PointXYZRGB; pcl::FilterIndices<PointT>::PointCloud = pcl::PointCloud<pcl::PointXYZRGB>]
       filter (PointCloud &output)
[01;32m[K       ^[m[K
[01m[K/usr/include/pcl-1.7/pcl/filters/filter_indices.h:103:7:[m[K [01;36m[Knote: [m[K  no known conversion for argument 1 from ‘[01m[Kpcl::PointCloud<pcl::PointXYZRGB>::Ptr {aka boost::shared_ptr<pcl::PointCloud<pcl::PointXYZRGB> >}[m[K’ to ‘[01m[Kpcl::FilterIndices<pcl::PointXYZRGB>::PointCloud& {aka pcl::PointCloud<pcl::PointXYZRGB>&}[m[K’
[01m[K/usr/include/pcl-1.7/pcl/filters/filter_indices.h:112:7:[m[K [01;36m[Knote: [m[Kcandidate: void pcl::FilterIndices<PointT>::filter(std::vector<int>&) [with PointT = pcl::PointXYZRGB]
       filter (std::vector<int> &indices)
[01;32m[K       ^[m[K
[01m[K/usr/include/pcl-1.7/pcl/filters/filter_indices.h:112:7:[m[K [01;36m[Knote: [m[K  no known conversion for argument 1 from ‘[01m[Kpcl::PointCloud<pcl::PointXYZRGB>::Ptr {aka boost::shared_ptr<pcl::PointCloud<pcl::PointXYZRGB> >}[m[K’ to ‘[01m[Kstd::vector<int>&[m[K’
make[2]: *** [CMakeFiles/a2.dir/src/a2.cpp.o] Error 1
make[1]: *** [CMakeFiles/a2.dir/all] Error 2
make: *** [all] Error 2
