Linked: (/home/jrv/Research/Velodyne/velodyne_ws/devel/.private/velodyne_msgs/lib/pkgconfig/velodyne_msgs.pc, /home/jrv/Research/Velodyne/velodyne_ws/devel/lib/pkgconfig/velodyne_msgs.pc)
Linked: (/home/jrv/Research/Velodyne/velodyne_ws/devel/.private/velodyne_msgs/lib/python2.7/dist-packages/velodyne_msgs/__init__.py, /home/jrv/Research/Velodyne/velodyne_ws/devel/lib/python2.7/dist-packages/velodyne_msgs/__init__.py)
Linked: (/home/jrv/Research/Velodyne/velodyne_ws/devel/.private/velodyne_msgs/lib/python2.7/dist-packages/velodyne_msgs/msg/_VelodyneScan.py, /home/jrv/Research/Velodyne/velodyne_ws/devel/lib/python2.7/dist-packages/velodyne_msgs/msg/_VelodyneScan.py)
Linked: (/home/jrv/Research/Velodyne/velodyne_ws/devel/.private/velodyne_msgs/lib/python2.7/dist-packages/velodyne_msgs/msg/__init__.py, /home/jrv/Research/Velodyne/velodyne_ws/devel/lib/python2.7/dist-packages/velodyne_msgs/msg/__init__.py)
Linked: (/home/jrv/Research/Velodyne/velodyne_ws/devel/.private/velodyne_msgs/lib/python2.7/dist-packages/velodyne_msgs/msg/_VelodynePacket.py, /home/jrv/Research/Velodyne/velodyne_ws/devel/lib/python2.7/dist-packages/velodyne_msgs/msg/_VelodynePacket.py)
Linked: (/home/jrv/Research/Velodyne/velodyne_ws/devel/.private/velodyne_msgs/include/velodyne_msgs/VelodyneScan.h, /home/jrv/Research/Velodyne/velodyne_ws/devel/include/velodyne_msgs/VelodyneScan.h)
Linked: (/home/jrv/Research/Velodyne/velodyne_ws/devel/.private/velodyne_msgs/include/velodyne_msgs/VelodynePacket.h, /home/jrv/Research/Velodyne/velodyne_ws/devel/include/velodyne_msgs/VelodynePacket.h)
Linked: (/home/jrv/Research/Velodyne/velodyne_ws/devel/.private/velodyne_msgs/share/common-lisp/ros/velodyne_msgs/msg/velodyne_msgs-msg.asd, /home/jrv/Research/Velodyne/velodyne_ws/devel/share/common-lisp/ros/velodyne_msgs/msg/velodyne_msgs-msg.asd)
Linked: (/home/jrv/Research/Velodyne/velodyne_ws/devel/.private/velodyne_msgs/share/common-lisp/ros/velodyne_msgs/msg/_package_VelodynePacket.lisp, /home/jrv/Research/Velodyne/velodyne_ws/devel/share/common-lisp/ros/velodyne_msgs/msg/_package_VelodynePacket.lisp)
Linked: (/home/jrv/Research/Velodyne/velodyne_ws/devel/.private/velodyne_msgs/share/common-lisp/ros/velodyne_msgs/msg/_package.lisp, /home/jrv/Research/Velodyne/velodyne_ws/devel/share/common-lisp/ros/velodyne_msgs/msg/_package.lisp)
Linked: (/home/jrv/Research/Velodyne/velodyne_ws/devel/.private/velodyne_msgs/share/common-lisp/ros/velodyne_msgs/msg/_package_VelodyneScan.lisp, /home/jrv/Research/Velodyne/velodyne_ws/devel/share/common-lisp/ros/velodyne_msgs/msg/_package_VelodyneScan.lisp)
Linked: (/home/jrv/Research/Velodyne/velodyne_ws/devel/.private/velodyne_msgs/share/common-lisp/ros/velodyne_msgs/msg/VelodyneScan.lisp, /home/jrv/Research/Velodyne/velodyne_ws/devel/share/common-lisp/ros/velodyne_msgs/msg/VelodyneScan.lisp)
Linked: (/home/jrv/Research/Velodyne/velodyne_ws/devel/.private/velodyne_msgs/share/common-lisp/ros/velodyne_msgs/msg/VelodynePacket.lisp, /home/jrv/Research/Velodyne/velodyne_ws/devel/share/common-lisp/ros/velodyne_msgs/msg/VelodynePacket.lisp)
Linked: (/home/jrv/Research/Velodyne/velodyne_ws/devel/.private/velodyne_msgs/share/gennodejs/ros/velodyne_msgs/_index.js, /home/jrv/Research/Velodyne/velodyne_ws/devel/share/gennodejs/ros/velodyne_msgs/_index.js)
Linked: (/home/jrv/Research/Velodyne/velodyne_ws/devel/.private/velodyne_msgs/share/gennodejs/ros/velodyne_msgs/msg/_index.js, /home/jrv/Research/Velodyne/velodyne_ws/devel/share/gennodejs/ros/velodyne_msgs/msg/_index.js)
Linked: (/home/jrv/Research/Velodyne/velodyne_ws/devel/.private/velodyne_msgs/share/gennodejs/ros/velodyne_msgs/msg/VelodynePacket.js, /home/jrv/Research/Velodyne/velodyne_ws/devel/share/gennodejs/ros/velodyne_msgs/msg/VelodynePacket.js)
Linked: (/home/jrv/Research/Velodyne/velodyne_ws/devel/.private/velodyne_msgs/share/gennodejs/ros/velodyne_msgs/msg/VelodyneScan.js, /home/jrv/Research/Velodyne/velodyne_ws/devel/share/gennodejs/ros/velodyne_msgs/msg/VelodyneScan.js)
Linked: (/home/jrv/Research/Velodyne/velodyne_ws/devel/.private/velodyne_msgs/share/roseus/ros/velodyne_msgs/manifest.l, /home/jrv/Research/Velodyne/velodyne_ws/devel/share/roseus/ros/velodyne_msgs/manifest.l)
Linked: (/home/jrv/Research/Velodyne/velodyne_ws/devel/.private/velodyne_msgs/share/roseus/ros/velodyne_msgs/msg/VelodynePacket.l, /home/jrv/Research/Velodyne/velodyne_ws/devel/share/roseus/ros/velodyne_msgs/msg/VelodynePacket.l)
Linked: (/home/jrv/Research/Velodyne/velodyne_ws/devel/.private/velodyne_msgs/share/roseus/ros/velodyne_msgs/msg/VelodyneScan.l, /home/jrv/Research/Velodyne/velodyne_ws/devel/share/roseus/ros/velodyne_msgs/msg/VelodyneScan.l)
Linked: (/home/jrv/Research/Velodyne/velodyne_ws/devel/.private/velodyne_msgs/share/velodyne_msgs/cmake/velodyne_msgsConfig-version.cmake, /home/jrv/Research/Velodyne/velodyne_ws/devel/share/velodyne_msgs/cmake/velodyne_msgsConfig-version.cmake)
Linked: (/home/jrv/Research/Velodyne/velodyne_ws/devel/.private/velodyne_msgs/share/velodyne_msgs/cmake/velodyne_msgsConfig.cmake, /home/jrv/Research/Velodyne/velodyne_ws/devel/share/velodyne_msgs/cmake/velodyne_msgsConfig.cmake)
Linked: (/home/jrv/Research/Velodyne/velodyne_ws/devel/.private/velodyne_msgs/share/velodyne_msgs/cmake/velodyne_msgs-msg-extras.cmake, /home/jrv/Research/Velodyne/velodyne_ws/devel/share/velodyne_msgs/cmake/velodyne_msgs-msg-extras.cmake)
Linked: (/home/jrv/Research/Velodyne/velodyne_ws/devel/.private/velodyne_msgs/share/velodyne_msgs/cmake/velodyne_msgs-msg-paths.cmake, /home/jrv/Research/Velodyne/velodyne_ws/devel/share/velodyne_msgs/cmake/velodyne_msgs-msg-paths.cmake)
