Linked: (/home/jrv/Research/Velodyne/velodyne_ws/devel/.private/velodyne_pointcloud/lib/libtransform_nodelet.so, /home/jrv/Research/Velodyne/velodyne_ws/devel/lib/libtransform_nodelet.so)
Linked: (/home/jrv/Research/Velodyne/velodyne_ws/devel/.private/velodyne_pointcloud/lib/libvelodyne_rawdata.so, /home/jrv/Research/Velodyne/velodyne_ws/devel/lib/libvelodyne_rawdata.so)
Linked: (/home/jrv/Research/Velodyne/velodyne_ws/devel/.private/velodyne_pointcloud/lib/libcloud_nodelet.so, /home/jrv/Research/Velodyne/velodyne_ws/devel/lib/libcloud_nodelet.so)
Linked: (/home/jrv/Research/Velodyne/velodyne_ws/devel/.private/velodyne_pointcloud/lib/libringcolors_nodelet.so, /home/jrv/Research/Velodyne/velodyne_ws/devel/lib/libringcolors_nodelet.so)
Linked: (/home/jrv/Research/Velodyne/velodyne_ws/devel/.private/velodyne_pointcloud/lib/velodyne_pointcloud/cloud_node, /home/jrv/Research/Velodyne/velodyne_ws/devel/lib/velodyne_pointcloud/cloud_node)
Linked: (/home/jrv/Research/Velodyne/velodyne_ws/devel/.private/velodyne_pointcloud/lib/velodyne_pointcloud/ringcolors_node, /home/jrv/Research/Velodyne/velodyne_ws/devel/lib/velodyne_pointcloud/ringcolors_node)
Linked: (/home/jrv/Research/Velodyne/velodyne_ws/devel/.private/velodyne_pointcloud/lib/velodyne_pointcloud/transform_node, /home/jrv/Research/Velodyne/velodyne_ws/devel/lib/velodyne_pointcloud/transform_node)
Linked: (/home/jrv/Research/Velodyne/velodyne_ws/devel/.private/velodyne_pointcloud/lib/pkgconfig/velodyne_pointcloud.pc, /home/jrv/Research/Velodyne/velodyne_ws/devel/lib/pkgconfig/velodyne_pointcloud.pc)
Linked: (/home/jrv/Research/Velodyne/velodyne_ws/devel/.private/velodyne_pointcloud/lib/python2.7/dist-packages/velodyne_pointcloud/__init__.py, /home/jrv/Research/Velodyne/velodyne_ws/devel/lib/python2.7/dist-packages/velodyne_pointcloud/__init__.py)
Linked: (/home/jrv/Research/Velodyne/velodyne_ws/devel/.private/velodyne_pointcloud/lib/python2.7/dist-packages/velodyne_pointcloud/cfg/CloudNodeConfig.py, /home/jrv/Research/Velodyne/velodyne_ws/devel/lib/python2.7/dist-packages/velodyne_pointcloud/cfg/CloudNodeConfig.py)
Linked: (/home/jrv/Research/Velodyne/velodyne_ws/devel/.private/velodyne_pointcloud/lib/python2.7/dist-packages/velodyne_pointcloud/cfg/__init__.py, /home/jrv/Research/Velodyne/velodyne_ws/devel/lib/python2.7/dist-packages/velodyne_pointcloud/cfg/__init__.py)
Linked: (/home/jrv/Research/Velodyne/velodyne_ws/devel/.private/velodyne_pointcloud/lib/python2.7/dist-packages/velodyne_pointcloud/cfg/TransformNodeConfig.py, /home/jrv/Research/Velodyne/velodyne_ws/devel/lib/python2.7/dist-packages/velodyne_pointcloud/cfg/TransformNodeConfig.py)
Linked: (/home/jrv/Research/Velodyne/velodyne_ws/devel/.private/velodyne_pointcloud/include/velodyne_pointcloud/TransformNodeConfig.h, /home/jrv/Research/Velodyne/velodyne_ws/devel/include/velodyne_pointcloud/TransformNodeConfig.h)
Linked: (/home/jrv/Research/Velodyne/velodyne_ws/devel/.private/velodyne_pointcloud/include/velodyne_pointcloud/CloudNodeConfig.h, /home/jrv/Research/Velodyne/velodyne_ws/devel/include/velodyne_pointcloud/CloudNodeConfig.h)
Linked: (/home/jrv/Research/Velodyne/velodyne_ws/devel/.private/velodyne_pointcloud/share/velodyne_pointcloud/docs/CloudNodeConfig.dox, /home/jrv/Research/Velodyne/velodyne_ws/devel/share/velodyne_pointcloud/docs/CloudNodeConfig.dox)
Linked: (/home/jrv/Research/Velodyne/velodyne_ws/devel/.private/velodyne_pointcloud/share/velodyne_pointcloud/docs/TransformNodeConfig-usage.dox, /home/jrv/Research/Velodyne/velodyne_ws/devel/share/velodyne_pointcloud/docs/TransformNodeConfig-usage.dox)
Linked: (/home/jrv/Research/Velodyne/velodyne_ws/devel/.private/velodyne_pointcloud/share/velodyne_pointcloud/docs/TransformNodeConfig.wikidoc, /home/jrv/Research/Velodyne/velodyne_ws/devel/share/velodyne_pointcloud/docs/TransformNodeConfig.wikidoc)
Linked: (/home/jrv/Research/Velodyne/velodyne_ws/devel/.private/velodyne_pointcloud/share/velodyne_pointcloud/docs/CloudNodeConfig-usage.dox, /home/jrv/Research/Velodyne/velodyne_ws/devel/share/velodyne_pointcloud/docs/CloudNodeConfig-usage.dox)
Linked: (/home/jrv/Research/Velodyne/velodyne_ws/devel/.private/velodyne_pointcloud/share/velodyne_pointcloud/docs/CloudNodeConfig.wikidoc, /home/jrv/Research/Velodyne/velodyne_ws/devel/share/velodyne_pointcloud/docs/CloudNodeConfig.wikidoc)
Linked: (/home/jrv/Research/Velodyne/velodyne_ws/devel/.private/velodyne_pointcloud/share/velodyne_pointcloud/docs/TransformNodeConfig.dox, /home/jrv/Research/Velodyne/velodyne_ws/devel/share/velodyne_pointcloud/docs/TransformNodeConfig.dox)
Linked: (/home/jrv/Research/Velodyne/velodyne_ws/devel/.private/velodyne_pointcloud/share/velodyne_pointcloud/cmake/velodyne_pointcloudConfig.cmake, /home/jrv/Research/Velodyne/velodyne_ws/devel/share/velodyne_pointcloud/cmake/velodyne_pointcloudConfig.cmake)
Linked: (/home/jrv/Research/Velodyne/velodyne_ws/devel/.private/velodyne_pointcloud/share/velodyne_pointcloud/cmake/velodyne_pointcloudConfig-version.cmake, /home/jrv/Research/Velodyne/velodyne_ws/devel/share/velodyne_pointcloud/cmake/velodyne_pointcloudConfig-version.cmake)
