Determining if the pthread_create exist failed with the following output:
Change Dir: /home/jrv/Research/Velodyne/velodyne_ws/build/lidar_sp/CMakeFiles/CMakeTmp

Run Build Command:"/usr/bin/make" "cmTC_3eba1/fast"
/usr/bin/make -f CMakeFiles/cmTC_3eba1.dir/build.make CMakeFiles/cmTC_3eba1.dir/build
make[1]: Entering directory '/home/jrv/Research/Velodyne/velodyne_ws/build/lidar_sp/CMakeFiles/CMakeTmp'
Building C object CMakeFiles/cmTC_3eba1.dir/CheckSymbolExists.c.o
/usr/bin/cc    -o CMakeFiles/cmTC_3eba1.dir/CheckSymbolExists.c.o   -c /home/jrv/Research/Velodyne/velodyne_ws/build/lidar_sp/CMakeFiles/CMakeTmp/CheckSymbolExists.c
Linking C executable cmTC_3eba1
/usr/local/bin/cmake -E cmake_link_script CMakeFiles/cmTC_3eba1.dir/link.txt --verbose=1
/usr/bin/cc      -rdynamic CMakeFiles/cmTC_3eba1.dir/CheckSymbolExists.c.o  -o cmTC_3eba1 
CMakeFiles/cmTC_3eba1.dir/CheckSymbolExists.c.o: In function `main':
CheckSymbolExists.c:(.text+0x16): undefined reference to `pthread_create'
collect2: error: ld returned 1 exit status
CMakeFiles/cmTC_3eba1.dir/build.make:97: recipe for target 'cmTC_3eba1' failed
make[1]: *** [cmTC_3eba1] Error 1
make[1]: Leaving directory '/home/jrv/Research/Velodyne/velodyne_ws/build/lidar_sp/CMakeFiles/CMakeTmp'
Makefile:126: recipe for target 'cmTC_3eba1/fast' failed
make: *** [cmTC_3eba1/fast] Error 2

File /home/jrv/Research/Velodyne/velodyne_ws/build/lidar_sp/CMakeFiles/CMakeTmp/CheckSymbolExists.c:
/* */
#include <pthread.h>

int main(int argc, char** argv)
{
  (void)argv;
#ifndef pthread_create
  return ((int*)(&pthread_create))[argc];
#else
  (void)argc;
  return 0;
#endif
}

Determining if the function pthread_create exists in the pthreads failed with the following output:
Change Dir: /home/jrv/Research/Velodyne/velodyne_ws/build/lidar_sp/CMakeFiles/CMakeTmp

Run Build Command:"/usr/bin/make" "cmTC_44e98/fast"
/usr/bin/make -f CMakeFiles/cmTC_44e98.dir/build.make CMakeFiles/cmTC_44e98.dir/build
make[1]: Entering directory '/home/jrv/Research/Velodyne/velodyne_ws/build/lidar_sp/CMakeFiles/CMakeTmp'
Building C object CMakeFiles/cmTC_44e98.dir/CheckFunctionExists.c.o
/usr/bin/cc   -DCHECK_FUNCTION_EXISTS=pthread_create   -o CMakeFiles/cmTC_44e98.dir/CheckFunctionExists.c.o   -c /usr/local/share/cmake-3.9/Modules/CheckFunctionExists.c
Linking C executable cmTC_44e98
/usr/local/bin/cmake -E cmake_link_script CMakeFiles/cmTC_44e98.dir/link.txt --verbose=1
/usr/bin/cc  -DCHECK_FUNCTION_EXISTS=pthread_create    -rdynamic CMakeFiles/cmTC_44e98.dir/CheckFunctionExists.c.o  -o cmTC_44e98 -lpthreads 
/usr/bin/ld: cannot find -lpthreads
collect2: error: ld returned 1 exit status
CMakeFiles/cmTC_44e98.dir/build.make:97: recipe for target 'cmTC_44e98' failed
make[1]: *** [cmTC_44e98] Error 1
make[1]: Leaving directory '/home/jrv/Research/Velodyne/velodyne_ws/build/lidar_sp/CMakeFiles/CMakeTmp'
Makefile:126: recipe for target 'cmTC_44e98/fast' failed
make: *** [cmTC_44e98/fast] Error 2


