Determining if the pthread_create exist failed with the following output:
Change Dir: /home/jrv/Research/Velodyne/velodyne_ws/build/velodyne_pointcloud/CMakeFiles/CMakeTmp

Run Build Command:"/usr/bin/make" "cmTC_6d3ed/fast"
/usr/bin/make -f CMakeFiles/cmTC_6d3ed.dir/build.make CMakeFiles/cmTC_6d3ed.dir/build
make[1]: Entering directory '/home/jrv/Research/Velodyne/velodyne_ws/build/velodyne_pointcloud/CMakeFiles/CMakeTmp'
Building C object CMakeFiles/cmTC_6d3ed.dir/CheckSymbolExists.c.o
/usr/bin/cc    -o CMakeFiles/cmTC_6d3ed.dir/CheckSymbolExists.c.o   -c /home/jrv/Research/Velodyne/velodyne_ws/build/velodyne_pointcloud/CMakeFiles/CMakeTmp/CheckSymbolExists.c
Linking C executable cmTC_6d3ed
/usr/local/bin/cmake -E cmake_link_script CMakeFiles/cmTC_6d3ed.dir/link.txt --verbose=1
/usr/bin/cc      -rdynamic CMakeFiles/cmTC_6d3ed.dir/CheckSymbolExists.c.o  -o cmTC_6d3ed 
CMakeFiles/cmTC_6d3ed.dir/CheckSymbolExists.c.o: In function `main':
CheckSymbolExists.c:(.text+0x16): undefined reference to `pthread_create'
collect2: error: ld returned 1 exit status
CMakeFiles/cmTC_6d3ed.dir/build.make:97: recipe for target 'cmTC_6d3ed' failed
make[1]: *** [cmTC_6d3ed] Error 1
make[1]: Leaving directory '/home/jrv/Research/Velodyne/velodyne_ws/build/velodyne_pointcloud/CMakeFiles/CMakeTmp'
Makefile:126: recipe for target 'cmTC_6d3ed/fast' failed
make: *** [cmTC_6d3ed/fast] Error 2

File /home/jrv/Research/Velodyne/velodyne_ws/build/velodyne_pointcloud/CMakeFiles/CMakeTmp/CheckSymbolExists.c:
/* */
#include <pthread.h>

int main(int argc, char** argv)
{
  (void)argv;
#ifndef pthread_create
  return ((int*)(&pthread_create))[argc];
#else
  (void)argc;
  return 0;
#endif
}

Determining if the function pthread_create exists in the pthreads failed with the following output:
Change Dir: /home/jrv/Research/Velodyne/velodyne_ws/build/velodyne_pointcloud/CMakeFiles/CMakeTmp

Run Build Command:"/usr/bin/make" "cmTC_4b4ce/fast"
/usr/bin/make -f CMakeFiles/cmTC_4b4ce.dir/build.make CMakeFiles/cmTC_4b4ce.dir/build
make[1]: Entering directory '/home/jrv/Research/Velodyne/velodyne_ws/build/velodyne_pointcloud/CMakeFiles/CMakeTmp'
Building C object CMakeFiles/cmTC_4b4ce.dir/CheckFunctionExists.c.o
/usr/bin/cc   -DCHECK_FUNCTION_EXISTS=pthread_create   -o CMakeFiles/cmTC_4b4ce.dir/CheckFunctionExists.c.o   -c /usr/local/share/cmake-3.9/Modules/CheckFunctionExists.c
Linking C executable cmTC_4b4ce
/usr/local/bin/cmake -E cmake_link_script CMakeFiles/cmTC_4b4ce.dir/link.txt --verbose=1
/usr/bin/cc  -DCHECK_FUNCTION_EXISTS=pthread_create    -rdynamic CMakeFiles/cmTC_4b4ce.dir/CheckFunctionExists.c.o  -o cmTC_4b4ce -lpthreads 
/usr/bin/ld: cannot find -lpthreads
collect2: error: ld returned 1 exit status
CMakeFiles/cmTC_4b4ce.dir/build.make:97: recipe for target 'cmTC_4b4ce' failed
make[1]: *** [cmTC_4b4ce] Error 1
make[1]: Leaving directory '/home/jrv/Research/Velodyne/velodyne_ws/build/velodyne_pointcloud/CMakeFiles/CMakeTmp'
Makefile:126: recipe for target 'cmTC_4b4ce/fast' failed
make: *** [cmTC_4b4ce/fast] Error 2


