Determining if the pthread_create exist failed with the following output:
Change Dir: /home/jrv/Research/Velodyne/velodyne_ws/build/velodyne_msgs/CMakeFiles/CMakeTmp

Run Build Command:"/usr/bin/make" "cmTC_8196b/fast"
/usr/bin/make -f CMakeFiles/cmTC_8196b.dir/build.make CMakeFiles/cmTC_8196b.dir/build
make[1]: Entering directory '/home/jrv/Research/Velodyne/velodyne_ws/build/velodyne_msgs/CMakeFiles/CMakeTmp'
Building C object CMakeFiles/cmTC_8196b.dir/CheckSymbolExists.c.o
/usr/bin/cc    -o CMakeFiles/cmTC_8196b.dir/CheckSymbolExists.c.o   -c /home/jrv/Research/Velodyne/velodyne_ws/build/velodyne_msgs/CMakeFiles/CMakeTmp/CheckSymbolExists.c
Linking C executable cmTC_8196b
/usr/local/bin/cmake -E cmake_link_script CMakeFiles/cmTC_8196b.dir/link.txt --verbose=1
/usr/bin/cc      -rdynamic CMakeFiles/cmTC_8196b.dir/CheckSymbolExists.c.o  -o cmTC_8196b 
CMakeFiles/cmTC_8196b.dir/CheckSymbolExists.c.o: In function `main':
CheckSymbolExists.c:(.text+0x16): undefined reference to `pthread_create'
collect2: error: ld returned 1 exit status
CMakeFiles/cmTC_8196b.dir/build.make:97: recipe for target 'cmTC_8196b' failed
make[1]: *** [cmTC_8196b] Error 1
make[1]: Leaving directory '/home/jrv/Research/Velodyne/velodyne_ws/build/velodyne_msgs/CMakeFiles/CMakeTmp'
Makefile:126: recipe for target 'cmTC_8196b/fast' failed
make: *** [cmTC_8196b/fast] Error 2

File /home/jrv/Research/Velodyne/velodyne_ws/build/velodyne_msgs/CMakeFiles/CMakeTmp/CheckSymbolExists.c:
/* */
#include <pthread.h>

int main(int argc, char** argv)
{
  (void)argv;
#ifndef pthread_create
  return ((int*)(&pthread_create))[argc];
#else
  (void)argc;
  return 0;
#endif
}

Determining if the function pthread_create exists in the pthreads failed with the following output:
Change Dir: /home/jrv/Research/Velodyne/velodyne_ws/build/velodyne_msgs/CMakeFiles/CMakeTmp

Run Build Command:"/usr/bin/make" "cmTC_8c25f/fast"
/usr/bin/make -f CMakeFiles/cmTC_8c25f.dir/build.make CMakeFiles/cmTC_8c25f.dir/build
make[1]: Entering directory '/home/jrv/Research/Velodyne/velodyne_ws/build/velodyne_msgs/CMakeFiles/CMakeTmp'
Building C object CMakeFiles/cmTC_8c25f.dir/CheckFunctionExists.c.o
/usr/bin/cc   -DCHECK_FUNCTION_EXISTS=pthread_create   -o CMakeFiles/cmTC_8c25f.dir/CheckFunctionExists.c.o   -c /usr/local/share/cmake-3.9/Modules/CheckFunctionExists.c
Linking C executable cmTC_8c25f
/usr/local/bin/cmake -E cmake_link_script CMakeFiles/cmTC_8c25f.dir/link.txt --verbose=1
/usr/bin/cc  -DCHECK_FUNCTION_EXISTS=pthread_create    -rdynamic CMakeFiles/cmTC_8c25f.dir/CheckFunctionExists.c.o  -o cmTC_8c25f -lpthreads 
/usr/bin/ld: cannot find -lpthreads
collect2: error: ld returned 1 exit status
CMakeFiles/cmTC_8c25f.dir/build.make:97: recipe for target 'cmTC_8c25f' failed
make[1]: *** [cmTC_8c25f] Error 1
make[1]: Leaving directory '/home/jrv/Research/Velodyne/velodyne_ws/build/velodyne_msgs/CMakeFiles/CMakeTmp'
Makefile:126: recipe for target 'cmTC_8c25f/fast' failed
make: *** [cmTC_8c25f/fast] Error 2


